Using pre-set license

 COMMAND LINE ARGUMENTS:
/Applications/Unity/Hub/Editor/2020.3.9f1/Unity.app/Contents/MacOS/Unity
-adb2
-batchMode
-noUpm
-name
AssetImportWorker0
-projectPath
/Users/ngxianghan/Documents/Y1S2/Orbital/Volarvis2021
-logFile
Logs/AssetImportWorker0.log
-srvPort
49904
Successfully changed project path to: /Users/ngxianghan/Documents/Y1S2/Orbital/Volarvis2021
/Users/ngxianghan/Documents/Y1S2/Orbital/Volarvis2021
Using Asset Import Pipeline V2.
Refreshing native plugins compatible for Editor in 64.51 ms, found 2 plugins.
Preloading 0 native plugins for Editor in 0.00 ms.
Initialize engine version: 2020.3.9f1 (108be757e447)
[Subsystems] Discovering subsystems at path /Applications/Unity/Hub/Editor/2020.3.9f1/Unity.app/Contents/Resources/UnitySubsystems
[Subsystems] Discovering subsystems at path /Users/ngxianghan/Documents/Y1S2/Orbital/Volarvis2021/Assets
GfxDevice: creating device client; threaded=0
2021-06-27 12:16:55.542 Unity[1211:32026] Color LCD preferred device: Intel(R) Iris(TM) Plus Graphics 645 (low power)
2021-06-27 12:16:55.542 Unity[1211:32026] Metal devices available: 1
2021-06-27 12:16:55.542 Unity[1211:32026] 0: Intel(R) Iris(TM) Plus Graphics 645 (low power)
2021-06-27 12:16:55.543 Unity[1211:32026] Using device Intel(R) Iris(TM) Plus Graphics 645 (low power)
Initializing Metal device caps: Intel(R) Iris(TM) Plus Graphics 645
Initialize mono
Mono path[0] = '/Applications/Unity/Hub/Editor/2020.3.9f1/Unity.app/Contents/Managed'
Mono path[1] = '/Applications/Unity/Hub/Editor/2020.3.9f1/Unity.app/Contents/MonoBleedingEdge/lib/mono/unityjit'
Mono config path = '/Applications/Unity/Hub/Editor/2020.3.9f1/Unity.app/Contents/MonoBleedingEdge/etc'
Using monoOptions --debugger-agent=transport=dt_socket,embedding=1,server=y,suspend=n,address=127.0.0.1:56211
Begin MonoManager ReloadAssembly
Registering precompiled unity dll's ...
Register platform support module: /Applications/Unity/Hub/Editor/2020.3.9f1/Unity.app/Contents/PlaybackEngines/MacStandaloneSupport/UnityEditor.OSXStandalone.Extensions.dll
Registered in 0.000520 seconds.
Native extension for OSXStandalone target not found
Refreshing native plugins compatible for Editor in 49.23 ms, found 2 plugins.
Preloading 0 native plugins for Editor in 0.00 ms.
Mono: successfully reloaded assembly
- Completed reload, in  2.866 seconds
Platform modules already initialized, skipping
Registering precompiled user dll's ...
Registered in 0.001402 seconds.
Begin MonoManager ReloadAssembly
Native extension for OSXStandalone target not found
Refreshing native plugins compatible for Editor in 46.79 ms, found 2 plugins.
Preloading 0 native plugins for Editor in 0.00 ms.
GPGSUpgrader start
 #0 GetStacktrace(int)
 #1 DebugStringToFile(DebugStringToFileData const&)
 #2 DebugLogHandler_CUSTOM_Internal_Log(LogType, LogOption, ScriptingBackendNativeStringPtrOpaque*, ScriptingBackendNativeObjectPtrOpaque*)
 #3  (Mono JIT Code) (wrapper managed-to-native) UnityEngine.DebugLogHandler:Internal_Log (UnityEngine.LogType,UnityEngine.LogOption,string,UnityEngine.Object)
 #4 mono_jit_runtime_invoke
 #5 do_runtime_invoke
 #6 mono_runtime_class_init_full
 #7 ves_icall_System_Runtime_CompilerServices_RuntimeHelpers_RunClassConstructor
 #8  (Mono JIT Code) (wrapper managed-to-native) System.Runtime.CompilerServices.RuntimeHelpers:RunClassConstructor (intptr)
 #9  (Mono JIT Code) (wrapper runtime-invoke) <Module>:runtime_invoke_void_object (object,intptr,intptr,intptr)
 #10 mono_jit_runtime_invoke
 #11 do_runtime_invoke
 #12 mono_runtime_invoke
 #13 scripting_method_invoke(ScriptingMethodPtr, ScriptingObjectPtr, ScriptingArguments&, ScriptingExceptionPtr*, bool)
 #14 ScriptingInvocation::Invoke(ScriptingExceptionPtr*, bool)
 #15 Scripting::UnityEditor::EditorAssembliesProxy::ProcessInitializeOnLoadAttributes(ScriptingArrayPtr, ScriptingExceptionPtr*)
 #16 MonoManager::SetupLoadedEditorAssemblies(dynamic_array<int, 0ul> const&)
 #17 MonoManager::EndReloadAssembly(DomainReloadingData&, dynamic_bitset)
 #18 MonoManager::ReloadAssembly()
 #19 LoadDomainAndUserAssemblies(bool)
 #20 LoadUserAssemblies()
 #21 Application::InitializeProject()
 #22 -[EditorApplication applicationDidFinishLaunching:]
 #23 __CFNOTIFICATIONCENTER_IS_CALLING_OUT_TO_AN_OBSERVER__
 #24 ___CFXRegistrationPost1_block_invoke
 #25 _CFXRegistrationPost1
 #26 ___CFXNotificationPost_block_invoke
 #27 -[_CFXNotificationRegistrar find:object:observer:enumerator:]
 #28 _CFXNotificationPost
 #29 -[NSNotificationCenter postNotificationName:object:userInfo:]
 #30 -[NSApplication _postDidFinishNotification]
 #31 -[NSApplication _sendFinishLaunchingNotification]
 #32 -[NSApplication(NSAppleEventHandling) _handleAEOpenEvent:]
 #33 -[NSApplication(NSAppleEventHandling) _handleCoreEvent:withReplyEvent:]
 #34 -[NSAppleEventManager dispatchRawAppleEvent:withRawReply:handlerRefCon:]
 #35 _NSAppleEventManagerGenericHandler
 #36 _AppleEventsCheckInAppWithBlock
 #37 _AppleEventsCheckInAppWithBlock
 #38 aeProcessAppleEvent
 #39 AEProcessAppleEvent
 #40 _DPSNextEvent
 #41 -[NSApplication(NSEvent) _nextEventMatchingEventMask:untilDate:inMode:dequeue:]
 #42 -[NSApplication run]
 #43 NSApplicationMain
 #44 EditorMain(int, char const**)
 #45 main
 #46 start
 #47 ???

GPGSUpgrader done
 #0 GetStacktrace(int)
 #1 DebugStringToFile(DebugStringToFileData const&)
 #2 DebugLogHandler_CUSTOM_Internal_Log(LogType, LogOption, ScriptingBackendNativeStringPtrOpaque*, ScriptingBackendNativeObjectPtrOpaque*)
 #3  (Mono JIT Code) (wrapper managed-to-native) UnityEngine.DebugLogHandler:Internal_Log (UnityEngine.LogType,UnityEngine.LogOption,string,UnityEngine.Object)
 #4 mono_jit_runtime_invoke
 #5 do_runtime_invoke
 #6 mono_runtime_class_init_full
 #7 ves_icall_System_Runtime_CompilerServices_RuntimeHelpers_RunClassConstructor
 #8  (Mono JIT Code) (wrapper managed-to-native) System.Runtime.CompilerServices.RuntimeHelpers:RunClassConstructor (intptr)
 #9  (Mono JIT Code) (wrapper runtime-invoke) <Module>:runtime_invoke_void_object (object,intptr,intptr,intptr)
 #10 mono_jit_runtime_invoke
 #11 do_runtime_invoke
 #12 mono_runtime_invoke
 #13 scripting_method_invoke(ScriptingMethodPtr, ScriptingObjectPtr, ScriptingArguments&, ScriptingExceptionPtr*, bool)
 #14 ScriptingInvocation::Invoke(ScriptingExceptionPtr*, bool)
 #15 Scripting::UnityEditor::EditorAssembliesProxy::ProcessInitializeOnLoadAttributes(ScriptingArrayPtr, ScriptingExceptionPtr*)
 #16 MonoManager::SetupLoadedEditorAssemblies(dynamic_array<int, 0ul> const&)
 #17 MonoManager::EndReloadAssembly(DomainReloadingData&, dynamic_bitset)
 #18 MonoManager::ReloadAssembly()
 #19 LoadDomainAndUserAssemblies(bool)
 #20 LoadUserAssemblies()
 #21 Application::InitializeProject()
 #22 -[EditorApplication applicationDidFinishLaunching:]
 #23 __CFNOTIFICATIONCENTER_IS_CALLING_OUT_TO_AN_OBSERVER__
 #24 ___CFXRegistrationPost1_block_invoke
 #25 _CFXRegistrationPost1
 #26 ___CFXNotificationPost_block_invoke
 #27 -[_CFXNotificationRegistrar find:object:observer:enumerator:]
 #28 _CFXNotificationPost
 #29 -[NSNotificationCenter postNotificationName:object:userInfo:]
 #30 -[NSApplication _postDidFinishNotification]
 #31 -[NSApplication _sendFinishLaunchingNotification]
 #32 -[NSApplication(NSAppleEventHandling) _handleAEOpenEvent:]
 #33 -[NSApplication(NSAppleEventHandling) _handleCoreEvent:withReplyEvent:]
 #34 -[NSAppleEventManager dispatchRawAppleEvent:withRawReply:handlerRefCon:]
 #35 _NSAppleEventManagerGenericHandler
 #36 _AppleEventsCheckInAppWithBlock
 #37 _AppleEventsCheckInAppWithBlock
 #38 aeProcessAppleEvent
 #39 AEProcessAppleEvent
 #40 _DPSNextEvent
 #41 -[NSApplication(NSEvent) _nextEventMatchingEventMask:untilDate:inMode:dequeue:]
 #42 -[NSApplication run]
 #43 NSApplicationMain
 #44 EditorMain(int, char const**)
 #45 main
 #46 start
 #47 ???

Mono: successfully reloaded assembly
- Completed reload, in  1.350 seconds
Platform modules already initialized, skipping
========================================================================
Worker process is ready to serve import requests
Launching external process: /Applications/Unity/Hub/Editor/2020.3.9f1/Unity.app/Contents/Tools/UnityShaderCompiler
Launched and connected shader compiler UnityShaderCompiler after 0.02 seconds
Refreshing native plugins compatible for Editor in 0.83 ms, found 2 plugins.
Preloading 0 native plugins for Editor in 0.00 ms.
Unloading 2090 Unused Serialized files (Serialized files now loaded: 0)
System memory in use before: 176.1 MB.
System memory in use after: 176.2 MB.

Unloading 74 unused Assets to reduce memory usage. Loaded Objects now: 2510.
Total: 2.455919 ms (FindLiveObjects: 0.236072 ms CreateObjectMapping: 0.093681 ms MarkObjects: 2.086153 ms  DeleteObjects: 0.039276 ms)

========================================================================
Received Import Request.
  path: Assets/Scripts/Feeding.cs
  artifactKey: Guid(b8885df5a00b54719921d19aa9081cc1) Importer(815301076,1909f56bfc062723c751e8b465ee728b)
Start importing Assets/Scripts/Feeding.cs using Guid(b8885df5a00b54719921d19aa9081cc1) Importer(815301076,1909f56bfc062723c751e8b465ee728b)  -> (artifact id: 'c41c54320c266dbd83c151a0cde159c3') in 0.479833 seconds
  Import took 0.485822 seconds .

========================================================================
Received Import Request.
  Time since last request: 166.902930 seconds.
  path: Assets/Sprites/volastros/front-facing-coconaut.png
  artifactKey: Guid(1c645c2914ab3ca4d9597066257b4b06) Importer(815301076,1909f56bfc062723c751e8b465ee728b)
Start importing Assets/Sprites/volastros/front-facing-coconaut.png using Guid(1c645c2914ab3ca4d9597066257b4b06) Importer(815301076,1909f56bfc062723c751e8b465ee728b)  -> (artifact id: 'b7f51561b6238175796ecf1c7353223a') in 0.561100 seconds
  Import took 0.566068 seconds .

========================================================================
Received Import Request.
  Time since last request: 1074.192464 seconds.
  path: Assets/Beautiful Progress Bar Free - CYKO/PROGRESS UI
  artifactKey: Guid(fcbf7a57e575944e8847f9ed5c5a5427) Importer(815301076,1909f56bfc062723c751e8b465ee728b)
Start importing Assets/Beautiful Progress Bar Free - CYKO/PROGRESS UI using Guid(fcbf7a57e575944e8847f9ed5c5a5427) Importer(815301076,1909f56bfc062723c751e8b465ee728b)  -> (artifact id: '1384c46f6027b2e9e15cc78b640fbf63') in 0.004067 seconds
  Import took 0.040115 seconds .

========================================================================
Received Import Request.
  Time since last request: 0.061032 seconds.
  path: Assets/Beautiful Progress Bar Free - CYKO/PROGRESS UI/bgArtboard 12.png
  artifactKey: Guid(269491d773faa4b78aa9c1d4c6a1a897) Importer(815301076,1909f56bfc062723c751e8b465ee728b)
Start importing Assets/Beautiful Progress Bar Free - CYKO/PROGRESS UI/bgArtboard 12.png using Guid(269491d773faa4b78aa9c1d4c6a1a897) Importer(815301076,1909f56bfc062723c751e8b465ee728b)  -> (artifact id: 'bb58b87da02f3cf69aa7e7b9ea37d48f') in 0.037749 seconds
  Import took 0.042273 seconds .

========================================================================
Received Import Request.
  Time since last request: 0.000202 seconds.
  path: Assets/Beautiful Progress Bar Free - CYKO/PROGRESS UI/bgArtboard 22.png
  artifactKey: Guid(11b5063e11cde4680a094a9bbca13383) Importer(815301076,1909f56bfc062723c751e8b465ee728b)
Start importing Assets/Beautiful Progress Bar Free - CYKO/PROGRESS UI/bgArtboard 22.png using Guid(11b5063e11cde4680a094a9bbca13383) Importer(815301076,1909f56bfc062723c751e8b465ee728b)  -> (artifact id: '9e2beaf2dcf7bfe03f75920b046454cb') in 0.011409 seconds
  Import took 0.017236 seconds .

========================================================================
Received Import Request.
  Time since last request: 0.000354 seconds.
  path: Assets/Beautiful Progress Bar Free - CYKO/PROGRESS UI/bgArtboard 36.png
  artifactKey: Guid(4567951899c584cf3ab8802d30151419) Importer(815301076,1909f56bfc062723c751e8b465ee728b)
Start importing Assets/Beautiful Progress Bar Free - CYKO/PROGRESS UI/bgArtboard 36.png using Guid(4567951899c584cf3ab8802d30151419) Importer(815301076,1909f56bfc062723c751e8b465ee728b)  -> (artifact id: '5f744024006122e50bf8c5b8acb2f538') in 0.019062 seconds
  Import took 0.025383 seconds .

========================================================================
Received Import Request.
  Time since last request: 0.000245 seconds.
  path: Assets/Beautiful Progress Bar Free - CYKO/PROGRESS UI/bgArtboard 44.png
  artifactKey: Guid(80a171cbfd68547d5a2e2883e8e4298a) Importer(815301076,1909f56bfc062723c751e8b465ee728b)
Start importing Assets/Beautiful Progress Bar Free - CYKO/PROGRESS UI/bgArtboard 44.png using Guid(80a171cbfd68547d5a2e2883e8e4298a) Importer(815301076,1909f56bfc062723c751e8b465ee728b)  -> (artifact id: '9161bda55be7f6ed230f54ba8bc4cb0b') in 0.019140 seconds
  Import took 0.025034 seconds .

========================================================================
Received Import Request.
  Time since last request: 0.000232 seconds.
  path: Assets/Beautiful Progress Bar Free - CYKO/PROGRESS UI/bgArtboard 43.png
  artifactKey: Guid(2fa92686878964789b9db224a1d07ff0) Importer(815301076,1909f56bfc062723c751e8b465ee728b)
Start importing Assets/Beautiful Progress Bar Free - CYKO/PROGRESS UI/bgArtboard 43.png using Guid(2fa92686878964789b9db224a1d07ff0) Importer(815301076,1909f56bfc062723c751e8b465ee728b)  -> (artifact id: '59ff08a96b1e270b6fa8469b7009c7e1') in 0.012601 seconds
  Import took 0.019294 seconds .

========================================================================
Received Import Request.
  Time since last request: 0.000308 seconds.
  path: Assets/Beautiful Progress Bar Free - CYKO/PROGRESS UI/bgArtboard 46.png
  artifactKey: Guid(fc1d707607d8245fea78c6010b642e84) Importer(815301076,1909f56bfc062723c751e8b465ee728b)
Start importing Assets/Beautiful Progress Bar Free - CYKO/PROGRESS UI/bgArtboard 46.png using Guid(fc1d707607d8245fea78c6010b642e84) Importer(815301076,1909f56bfc062723c751e8b465ee728b)  -> (artifact id: '8ada286ded015e183e907761a2b096ea') in 0.013182 seconds
  Import took 0.018770 seconds .

========================================================================
Received Import Request.
  Time since last request: 0.000200 seconds.
  path: Assets/Beautiful Progress Bar Free - CYKO/PROGRESS UI/bgArtboard 33.png
  artifactKey: Guid(cc0b4b8834ee549f49b374ca8c5d7f15) Importer(815301076,1909f56bfc062723c751e8b465ee728b)
Start importing Assets/Beautiful Progress Bar Free - CYKO/PROGRESS UI/bgArtboard 33.png using Guid(cc0b4b8834ee549f49b374ca8c5d7f15) Importer(815301076,1909f56bfc062723c751e8b465ee728b)  -> (artifact id: '661f0ed2cf1b14361330a4461cac9b00') in 0.009231 seconds
  Import took 0.013447 seconds .

========================================================================
Received Import Request.
  Time since last request: 0.000215 seconds.
  path: Assets/Beautiful Progress Bar Free - CYKO/PROGRESS UI/bgArtboard 27.png
  artifactKey: Guid(1ba37af43c4904ef19390e750cd57dda) Importer(815301076,1909f56bfc062723c751e8b465ee728b)
Start importing Assets/Beautiful Progress Bar Free - CYKO/PROGRESS UI/bgArtboard 27.png using Guid(1ba37af43c4904ef19390e750cd57dda) Importer(815301076,1909f56bfc062723c751e8b465ee728b)  -> (artifact id: 'c43761e022d807c17ca324bc6d5d8834') in 0.015115 seconds
  Import took 0.019510 seconds .

========================================================================
Received Import Request.
  Time since last request: 0.000194 seconds.
  path: Assets/Beautiful Progress Bar Free - CYKO/PROGRESS UI/bgArtboard 24.png
  artifactKey: Guid(10725fadd69e24802bd736ccc64a1f27) Importer(815301076,1909f56bfc062723c751e8b465ee728b)
Start importing Assets/Beautiful Progress Bar Free - CYKO/PROGRESS UI/bgArtboard 24.png using Guid(10725fadd69e24802bd736ccc64a1f27) Importer(815301076,1909f56bfc062723c751e8b465ee728b)  -> (artifact id: '7ab59de9d3c3a897c229d6366fd46075') in 0.011516 seconds
  Import took 0.015748 seconds .

========================================================================
Received Import Request.
  Time since last request: 0.000209 seconds.
  path: Assets/Beautiful Progress Bar Free - CYKO/PROGRESS UI/bgArtboard 41.png
  artifactKey: Guid(54166cd4ebe844d89a6fbe1048dde221) Importer(815301076,1909f56bfc062723c751e8b465ee728b)
Start importing Assets/Beautiful Progress Bar Free - CYKO/PROGRESS UI/bgArtboard 41.png using Guid(54166cd4ebe844d89a6fbe1048dde221) Importer(815301076,1909f56bfc062723c751e8b465ee728b)  -> (artifact id: 'e34b901ee0fc6b8971f2a6b23d1dc8a0') in 0.014254 seconds
  Import took 0.018664 seconds .

========================================================================
Received Import Request.
  Time since last request: 0.000192 seconds.
  path: Assets/Beautiful Progress Bar Free - CYKO/PROGRESS UI/bgArtboard 51.png
  artifactKey: Guid(a228e86e21dff472bb174d51ea9a25ca) Importer(815301076,1909f56bfc062723c751e8b465ee728b)
Start importing Assets/Beautiful Progress Bar Free - CYKO/PROGRESS UI/bgArtboard 51.png using Guid(a228e86e21dff472bb174d51ea9a25ca) Importer(815301076,1909f56bfc062723c751e8b465ee728b)  -> (artifact id: '2141749c043e5b34458feb02729a6674') in 0.009445 seconds
  Import took 0.013590 seconds .

========================================================================
Received Import Request.
  Time since last request: 0.000181 seconds.
  path: Assets/Beautiful Progress Bar Free - CYKO/PROGRESS UI/bgArtboard 16.png
  artifactKey: Guid(bbe9a3f4ac90044af84ac836bcb9b802) Importer(815301076,1909f56bfc062723c751e8b465ee728b)
Start importing Assets/Beautiful Progress Bar Free - CYKO/PROGRESS UI/bgArtboard 16.png using Guid(bbe9a3f4ac90044af84ac836bcb9b802) Importer(815301076,1909f56bfc062723c751e8b465ee728b)  -> (artifact id: 'c0f235e40065d9753af132ef6aea80db') in 0.009326 seconds
  Import took 0.013422 seconds .

========================================================================
Received Import Request.
  Time since last request: 0.000169 seconds.
  path: Assets/Beautiful Progress Bar Free - CYKO/PROGRESS UI/bgArtboard 14.png
  artifactKey: Guid(bd822fe2366ff4c479740a6ea6329a95) Importer(815301076,1909f56bfc062723c751e8b465ee728b)
Start importing Assets/Beautiful Progress Bar Free - CYKO/PROGRESS UI/bgArtboard 14.png using Guid(bd822fe2366ff4c479740a6ea6329a95) Importer(815301076,1909f56bfc062723c751e8b465ee728b)  -> (artifact id: '5c62ebaf10bf93e601097bb94b82feee') in 0.010216 seconds
  Import took 0.014384 seconds .

========================================================================
Received Import Request.
  Time since last request: 0.000181 seconds.
  path: Assets/Beautiful Progress Bar Free - CYKO/PROGRESS UI/bgArtboard 35.png
  artifactKey: Guid(991591899a349418aa5296494a8ff3fc) Importer(815301076,1909f56bfc062723c751e8b465ee728b)
Start importing Assets/Beautiful Progress Bar Free - CYKO/PROGRESS UI/bgArtboard 35.png using Guid(991591899a349418aa5296494a8ff3fc) Importer(815301076,1909f56bfc062723c751e8b465ee728b)  -> (artifact id: '39fb4d518ca74e678f4df521461e1210') in 0.010094 seconds
  Import took 0.013853 seconds .

========================================================================
Received Import Request.
  Time since last request: 0.000188 seconds.
  path: Assets/Beautiful Progress Bar Free - CYKO/PROGRESS UI/bgArtboard 32.png
  artifactKey: Guid(ed36bd247342749da865b1fab6cd2650) Importer(815301076,1909f56bfc062723c751e8b465ee728b)
Start importing Assets/Beautiful Progress Bar Free - CYKO/PROGRESS UI/bgArtboard 32.png using Guid(ed36bd247342749da865b1fab6cd2650) Importer(815301076,1909f56bfc062723c751e8b465ee728b)  -> (artifact id: '1703733ee01ab989879e1e6fe802a594') in 0.010074 seconds
  Import took 0.015077 seconds .

========================================================================
Received Import Request.
  Time since last request: 0.000181 seconds.
  path: Assets/Beautiful Progress Bar Free - CYKO/PROGRESS UI/bgArtboard 26.png
  artifactKey: Guid(9ccc3770b652045d28b4e270fe7f1063) Importer(815301076,1909f56bfc062723c751e8b465ee728b)
Start importing Assets/Beautiful Progress Bar Free - CYKO/PROGRESS UI/bgArtboard 26.png using Guid(9ccc3770b652045d28b4e270fe7f1063) Importer(815301076,1909f56bfc062723c751e8b465ee728b)  -> (artifact id: '77d2bb34afca3a2314e8efd800150b1f') in 0.014768 seconds
  Import took 0.018693 seconds .

========================================================================
Received Import Request.
  Time since last request: 0.000203 seconds.
  path: Assets/Beautiful Progress Bar Free - CYKO/PROGRESS UI/bgArtboard 31.png
  artifactKey: Guid(ba339f00c0b6d4d8d9dd8f5304ea9eea) Importer(815301076,1909f56bfc062723c751e8b465ee728b)
Start importing Assets/Beautiful Progress Bar Free - CYKO/PROGRESS UI/bgArtboard 31.png using Guid(ba339f00c0b6d4d8d9dd8f5304ea9eea) Importer(815301076,1909f56bfc062723c751e8b465ee728b)  -> (artifact id: '7633ffe72f65b6bc83e2da75b03a0823') in 0.010958 seconds
  Import took 0.015551 seconds .

========================================================================
Received Import Request.
  Time since last request: 0.000316 seconds.
  path: Assets/Beautiful Progress Bar Free - CYKO/PROGRESS UI/bgArtboard 45.png
  artifactKey: Guid(8f4461725bff34943aff06332c177415) Importer(815301076,1909f56bfc062723c751e8b465ee728b)
Start importing Assets/Beautiful Progress Bar Free - CYKO/PROGRESS UI/bgArtboard 45.png using Guid(8f4461725bff34943aff06332c177415) Importer(815301076,1909f56bfc062723c751e8b465ee728b)  -> (artifact id: '009da18c543f101c6178bf67948cdbdf') in 0.009819 seconds
  Import took 0.013522 seconds .

========================================================================
Received Import Request.
  Time since last request: 0.000230 seconds.
  path: Assets/Beautiful Progress Bar Free - CYKO/PROGRESS UI/bgArtboard 28.png
  artifactKey: Guid(d805bfdd935b34ca282b122c888030d7) Importer(815301076,1909f56bfc062723c751e8b465ee728b)
Start importing Assets/Beautiful Progress Bar Free - CYKO/PROGRESS UI/bgArtboard 28.png using Guid(d805bfdd935b34ca282b122c888030d7) Importer(815301076,1909f56bfc062723c751e8b465ee728b)  -> (artifact id: 'f93ed19e0d57264a10df10257c814e62') in 0.009686 seconds
  Import took 0.013920 seconds .

========================================================================
Received Import Request.
  Time since last request: 0.000235 seconds.
  path: Assets/Beautiful Progress Bar Free - CYKO/PROGRESS UI/bgArtboard 52.png
  artifactKey: Guid(e956bfda45a1e407795ec4fbf7efe07b) Importer(815301076,1909f56bfc062723c751e8b465ee728b)
Start importing Assets/Beautiful Progress Bar Free - CYKO/PROGRESS UI/bgArtboard 52.png using Guid(e956bfda45a1e407795ec4fbf7efe07b) Importer(815301076,1909f56bfc062723c751e8b465ee728b)  -> (artifact id: 'c0ee45f972459605b8ba1328b6cdcaae') in 0.011838 seconds
  Import took 0.015641 seconds .

========================================================================
Received Import Request.
  Time since last request: 0.000199 seconds.
  path: Assets/Beautiful Progress Bar Free - CYKO/PROGRESS UI/bgArtboard 50.png
  artifactKey: Guid(2cf8a98f9c05b47df8819a7cb9acf209) Importer(815301076,1909f56bfc062723c751e8b465ee728b)
Start importing Assets/Beautiful Progress Bar Free - CYKO/PROGRESS UI/bgArtboard 50.png using Guid(2cf8a98f9c05b47df8819a7cb9acf209) Importer(815301076,1909f56bfc062723c751e8b465ee728b)  -> (artifact id: 'fe674f35b3f7a534a3cdb349f6c01a0e') in 0.007993 seconds
  Import took 0.012016 seconds .

========================================================================
Received Import Request.
  Time since last request: 0.000250 seconds.
  path: Assets/Beautiful Progress Bar Free - CYKO/PROGRESS UI/bgArtboard 20.png
  artifactKey: Guid(9a7c20816c5ab45cc9d51d2c91e69fd7) Importer(815301076,1909f56bfc062723c751e8b465ee728b)
Start importing Assets/Beautiful Progress Bar Free - CYKO/PROGRESS UI/bgArtboard 20.png using Guid(9a7c20816c5ab45cc9d51d2c91e69fd7) Importer(815301076,1909f56bfc062723c751e8b465ee728b)  -> (artifact id: 'aa6404bdfd7cdc5399350c5f907303fe') in 0.011026 seconds
  Import took 0.014696 seconds .

========================================================================
Received Import Request.
  Time since last request: 0.000169 seconds.
  path: Assets/Beautiful Progress Bar Free - CYKO/PROGRESS UI/bgArtboard 17.png
  artifactKey: Guid(5f8d6c803befb44bc89c118436018629) Importer(815301076,1909f56bfc062723c751e8b465ee728b)
Start importing Assets/Beautiful Progress Bar Free - CYKO/PROGRESS UI/bgArtboard 17.png using Guid(5f8d6c803befb44bc89c118436018629) Importer(815301076,1909f56bfc062723c751e8b465ee728b)  -> (artifact id: '70e01f5810c1e4d3d9f6fe0181104c84') in 0.010678 seconds
  Import took 0.015035 seconds .

========================================================================
Received Import Request.
  Time since last request: 0.000208 seconds.
  path: Assets/Beautiful Progress Bar Free - CYKO/PROGRESS UI/bgArtboard 23.png
  artifactKey: Guid(b47fd4db63bf94c06b15f3f388675144) Importer(815301076,1909f56bfc062723c751e8b465ee728b)
Start importing Assets/Beautiful Progress Bar Free - CYKO/PROGRESS UI/bgArtboard 23.png using Guid(b47fd4db63bf94c06b15f3f388675144) Importer(815301076,1909f56bfc062723c751e8b465ee728b)  -> (artifact id: '713948041d57f33357557a3f9027e9e0') in 0.009307 seconds
  Import took 0.013802 seconds .

========================================================================
Received Import Request.
  Time since last request: 0.000218 seconds.
  path: Assets/Beautiful Progress Bar Free - CYKO/PROGRESS UI/bgArtboard 18.png
  artifactKey: Guid(47c23340812b24864af395feca4c3a9d) Importer(815301076,1909f56bfc062723c751e8b465ee728b)
Start importing Assets/Beautiful Progress Bar Free - CYKO/PROGRESS UI/bgArtboard 18.png using Guid(47c23340812b24864af395feca4c3a9d) Importer(815301076,1909f56bfc062723c751e8b465ee728b)  -> (artifact id: 'b294a784d5b16a3b5ccebb7fcf73f122') in 0.009316 seconds
  Import took 0.013301 seconds .

========================================================================
Received Import Request.
  Time since last request: 0.000178 seconds.
  path: Assets/Beautiful Progress Bar Free - CYKO/PROGRESS UI/bgArtboard 42.png
  artifactKey: Guid(b2e758a1418924497983686386e18670) Importer(815301076,1909f56bfc062723c751e8b465ee728b)
Start importing Assets/Beautiful Progress Bar Free - CYKO/PROGRESS UI/bgArtboard 42.png using Guid(b2e758a1418924497983686386e18670) Importer(815301076,1909f56bfc062723c751e8b465ee728b)  -> (artifact id: 'f3734a564deecabcc42d59c4ff5feb5d') in 0.011360 seconds
  Import took 0.015215 seconds .

========================================================================
Received Import Request.
  Time since last request: 0.000189 seconds.
  path: Assets/Beautiful Progress Bar Free - CYKO/PROGRESS UI/bgArtboard 39.png
  artifactKey: Guid(c745f69017b304c8b8730142416138bb) Importer(815301076,1909f56bfc062723c751e8b465ee728b)
Start importing Assets/Beautiful Progress Bar Free - CYKO/PROGRESS UI/bgArtboard 39.png using Guid(c745f69017b304c8b8730142416138bb) Importer(815301076,1909f56bfc062723c751e8b465ee728b)  -> (artifact id: 'f55ee8686e915083448291f98bd9a544') in 0.007949 seconds
  Import took 0.012766 seconds .

========================================================================
Received Import Request.
  Time since last request: 0.000194 seconds.
  path: Assets/Beautiful Progress Bar Free - CYKO/PROGRESS UI/bgArtboard 34.png
  artifactKey: Guid(7a84da28438df4023bffb3c96d3ebe5b) Importer(815301076,1909f56bfc062723c751e8b465ee728b)
Start importing Assets/Beautiful Progress Bar Free - CYKO/PROGRESS UI/bgArtboard 34.png using Guid(7a84da28438df4023bffb3c96d3ebe5b) Importer(815301076,1909f56bfc062723c751e8b465ee728b)  -> (artifact id: '464439b69f5e8f7a547d20996bf0450f') in 0.008887 seconds
  Import took 0.012796 seconds .

========================================================================
Received Import Request.
  Time since last request: 0.000161 seconds.
  path: Assets/Beautiful Progress Bar Free - CYKO/PROGRESS UI/bgArtboard 25.png
  artifactKey: Guid(4eb181a1475ba4975a040865b40948c2) Importer(815301076,1909f56bfc062723c751e8b465ee728b)
Start importing Assets/Beautiful Progress Bar Free - CYKO/PROGRESS UI/bgArtboard 25.png using Guid(4eb181a1475ba4975a040865b40948c2) Importer(815301076,1909f56bfc062723c751e8b465ee728b)  -> (artifact id: '5fd6c7cc5b9122a2f3525bfece9b1f65') in 0.009577 seconds
  Import took 0.013319 seconds .

========================================================================
Received Import Request.
  Time since last request: 0.000182 seconds.
  path: Assets/Beautiful Progress Bar Free - CYKO/PROGRESS UI/bgArtboard 29.png
  artifactKey: Guid(07221909247fa4eb09dcc45e6316a8ce) Importer(815301076,1909f56bfc062723c751e8b465ee728b)
Start importing Assets/Beautiful Progress Bar Free - CYKO/PROGRESS UI/bgArtboard 29.png using Guid(07221909247fa4eb09dcc45e6316a8ce) Importer(815301076,1909f56bfc062723c751e8b465ee728b)  -> (artifact id: '28f72c007c762299611fff3b9b0296d7') in 0.008789 seconds
  Import took 0.013957 seconds .

========================================================================
Received Import Request.
  Time since last request: 0.000175 seconds.
  path: Assets/Beautiful Progress Bar Free - CYKO/PROGRESS UI/bgArtboard 47.png
  artifactKey: Guid(9c6f9d49fa3ba4c60b5e69dc9a1a244d) Importer(815301076,1909f56bfc062723c751e8b465ee728b)
Start importing Assets/Beautiful Progress Bar Free - CYKO/PROGRESS UI/bgArtboard 47.png using Guid(9c6f9d49fa3ba4c60b5e69dc9a1a244d) Importer(815301076,1909f56bfc062723c751e8b465ee728b)  -> (artifact id: '40b4ff58cd61ba662b06d2453064dfbc') in 0.008350 seconds
  Import took 0.012489 seconds .

========================================================================
Received Import Request.
  Time since last request: 0.000175 seconds.
  path: Assets/Beautiful Progress Bar Free - CYKO/PROGRESS UI/bgArtboard 13.png
  artifactKey: Guid(366ae973f8f1141efac97c6186c6bff4) Importer(815301076,1909f56bfc062723c751e8b465ee728b)
Start importing Assets/Beautiful Progress Bar Free - CYKO/PROGRESS UI/bgArtboard 13.png using Guid(366ae973f8f1141efac97c6186c6bff4) Importer(815301076,1909f56bfc062723c751e8b465ee728b)  -> (artifact id: '664b474e5773ee0035b3ae95f0821419') in 0.010428 seconds
  Import took 0.014114 seconds .

========================================================================
Received Import Request.
  Time since last request: 0.000196 seconds.
  path: Assets/Beautiful Progress Bar Free - CYKO/PROGRESS UI/bgArtboard 53.png
  artifactKey: Guid(e6d4faad96fb94361b6ae09490fd01f3) Importer(815301076,1909f56bfc062723c751e8b465ee728b)
Start importing Assets/Beautiful Progress Bar Free - CYKO/PROGRESS UI/bgArtboard 53.png using Guid(e6d4faad96fb94361b6ae09490fd01f3) Importer(815301076,1909f56bfc062723c751e8b465ee728b)  -> (artifact id: '7e4b8b7a98de73d2db267ba6fa9bf588') in 0.009432 seconds
  Import took 0.013101 seconds .

========================================================================
Received Import Request.
  Time since last request: 0.000174 seconds.
  path: Assets/Beautiful Progress Bar Free - CYKO/PROGRESS UI/bgArtboard 15.png
  artifactKey: Guid(c1d124fb86fcc4ab68a16d67cf980633) Importer(815301076,1909f56bfc062723c751e8b465ee728b)
Start importing Assets/Beautiful Progress Bar Free - CYKO/PROGRESS UI/bgArtboard 15.png using Guid(c1d124fb86fcc4ab68a16d67cf980633) Importer(815301076,1909f56bfc062723c751e8b465ee728b)  -> (artifact id: 'f8e662e4ae3e583c1d6ce25250071939') in 0.014129 seconds
  Import took 0.017954 seconds .

========================================================================
Received Import Request.
  Time since last request: 0.000199 seconds.
  path: Assets/Beautiful Progress Bar Free - CYKO/PROGRESS UI/bgArtboard 40.png
  artifactKey: Guid(1908c45859d4044cc95a4a8dee62d532) Importer(815301076,1909f56bfc062723c751e8b465ee728b)
Start importing Assets/Beautiful Progress Bar Free - CYKO/PROGRESS UI/bgArtboard 40.png using Guid(1908c45859d4044cc95a4a8dee62d532) Importer(815301076,1909f56bfc062723c751e8b465ee728b)  -> (artifact id: '92325c77afdc416cfaf9f90934f5ca60') in 0.008832 seconds
  Import took 0.012219 seconds .

========================================================================
Received Import Request.
  Time since last request: 0.000226 seconds.
  path: Assets/Beautiful Progress Bar Free - CYKO/PROGRESS UI/bgArtboard 30.png
  artifactKey: Guid(264504b4239034938bc38bf33b3bde94) Importer(815301076,1909f56bfc062723c751e8b465ee728b)
Start importing Assets/Beautiful Progress Bar Free - CYKO/PROGRESS UI/bgArtboard 30.png using Guid(264504b4239034938bc38bf33b3bde94) Importer(815301076,1909f56bfc062723c751e8b465ee728b)  -> (artifact id: 'e1201afa3b556d35bb5a5f1a1c6badca') in 0.008182 seconds
  Import took 0.012119 seconds .

========================================================================
Received Import Request.
  Time since last request: 0.000184 seconds.
  path: Assets/Beautiful Progress Bar Free - CYKO/PROGRESS UI/bgArtboard 21.png
  artifactKey: Guid(b0dfaa4151f07448e8a666cb8109f323) Importer(815301076,1909f56bfc062723c751e8b465ee728b)
Start importing Assets/Beautiful Progress Bar Free - CYKO/PROGRESS UI/bgArtboard 21.png using Guid(b0dfaa4151f07448e8a666cb8109f323) Importer(815301076,1909f56bfc062723c751e8b465ee728b)  -> (artifact id: '753aed70b96e7068e7bc4213523bdb36') in 0.012717 seconds
  Import took 0.017017 seconds .

========================================================================
Received Import Request.
  Time since last request: 0.000175 seconds.
  path: Assets/Beautiful Progress Bar Free - CYKO/PROGRESS UI/bgArtboard 48.png
  artifactKey: Guid(eeea7cc2ad5aa4700bccaf811790a8bc) Importer(815301076,1909f56bfc062723c751e8b465ee728b)
Start importing Assets/Beautiful Progress Bar Free - CYKO/PROGRESS UI/bgArtboard 48.png using Guid(eeea7cc2ad5aa4700bccaf811790a8bc) Importer(815301076,1909f56bfc062723c751e8b465ee728b)  -> (artifact id: '189013c0b3e42ffb45771dd2f7ec32f1') in 0.013233 seconds
  Import took 0.017213 seconds .

========================================================================
Received Import Request.
  Time since last request: 0.000178 seconds.
  path: Assets/Beautiful Progress Bar Free - CYKO/PROGRESS UI/bgArtboard 37.png
  artifactKey: Guid(81729a213ccce424b8310109ddf1c54f) Importer(815301076,1909f56bfc062723c751e8b465ee728b)
Start importing Assets/Beautiful Progress Bar Free - CYKO/PROGRESS UI/bgArtboard 37.png using Guid(81729a213ccce424b8310109ddf1c54f) Importer(815301076,1909f56bfc062723c751e8b465ee728b)  -> (artifact id: '6c53e2cb716d39fb04b105cf50ff69ea') in 0.010160 seconds
  Import took 0.013716 seconds .

========================================================================
Received Import Request.
  Time since last request: 0.000159 seconds.
  path: Assets/Beautiful Progress Bar Free - CYKO/PROGRESS UI/bgArtboard 19.png
  artifactKey: Guid(621bab10a94aa402db2ed03ef602338e) Importer(815301076,1909f56bfc062723c751e8b465ee728b)
Start importing Assets/Beautiful Progress Bar Free - CYKO/PROGRESS UI/bgArtboard 19.png using Guid(621bab10a94aa402db2ed03ef602338e) Importer(815301076,1909f56bfc062723c751e8b465ee728b)  -> (artifact id: '2312b133563f166e056c6ae517097ab9') in 0.008979 seconds
  Import took 0.012888 seconds .

========================================================================
Received Import Request.
  Time since last request: 0.000221 seconds.
  path: Assets/Beautiful Progress Bar Free - CYKO/PROGRESS UI/bgArtboard 49.png
  artifactKey: Guid(c9df77896e4114340969950f5407c7cc) Importer(815301076,1909f56bfc062723c751e8b465ee728b)
Start importing Assets/Beautiful Progress Bar Free - CYKO/PROGRESS UI/bgArtboard 49.png using Guid(c9df77896e4114340969950f5407c7cc) Importer(815301076,1909f56bfc062723c751e8b465ee728b)  -> (artifact id: '9754c63a4d819c0daa871c6115c9d173') in 0.010358 seconds
  Import took 0.014792 seconds .

========================================================================
Received Prepare
Registering precompiled user dll's ...
Registered in 0.002142 seconds.
Begin MonoManager ReloadAssembly
Native extension for OSXStandalone target not found
Refreshing native plugins compatible for Editor in 0.88 ms, found 2 plugins.
Preloading 0 native plugins for Editor in 0.00 ms.
GPGSUpgrader start
 #0 GetStacktrace(int)
 #1 DebugStringToFile(DebugStringToFileData const&)
 #2 DebugLogHandler_CUSTOM_Internal_Log(LogType, LogOption, ScriptingBackendNativeStringPtrOpaque*, ScriptingBackendNativeObjectPtrOpaque*)
 #3  (Mono JIT Code) (wrapper managed-to-native) UnityEngine.DebugLogHandler:Internal_Log (UnityEngine.LogType,UnityEngine.LogOption,string,UnityEngine.Object)
 #4 mono_jit_runtime_invoke
 #5 do_runtime_invoke
 #6 mono_runtime_class_init_full
 #7 ves_icall_System_Runtime_CompilerServices_RuntimeHelpers_RunClassConstructor
 #8  (Mono JIT Code) (wrapper managed-to-native) System.Runtime.CompilerServices.RuntimeHelpers:RunClassConstructor (intptr)
 #9  (Mono JIT Code) (wrapper runtime-invoke) <Module>:runtime_invoke_void_object (object,intptr,intptr,intptr)
 #10 mono_jit_runtime_invoke
 #11 do_runtime_invoke
 #12 mono_runtime_invoke
 #13 scripting_method_invoke(ScriptingMethodPtr, ScriptingObjectPtr, ScriptingArguments&, ScriptingExceptionPtr*, bool)
 #14 ScriptingInvocation::Invoke(ScriptingExceptionPtr*, bool)
 #15 Scripting::UnityEditor::EditorAssembliesProxy::ProcessInitializeOnLoadAttributes(ScriptingArrayPtr, ScriptingExceptionPtr*)
 #16 MonoManager::SetupLoadedEditorAssemblies(dynamic_array<int, 0ul> const&)
 #17 MonoManager::EndReloadAssembly(DomainReloadingData&, dynamic_bitset)
 #18 MonoManager::ReloadAssembly()
 #19 LoadDomainAndUserAssemblies(bool)
 #20 LoadUserAssemblies()
 #21 AssetImportWorkerClient::ReloadMonoDomain(AssetResolver&)
 #22 core::mutable_function<void ()>::DispatchT<void IOService::PostHelper<AssetImportWorkerClient::HandleMessage(PrepareMessage const&)::$_5>(AssetImportWorkerClient::HandleMessage(PrepareMessage const&)::$_5&&, IOService::WrapCallableInFunctionTag)::'lambda'()>::Dispatch()
 #23 asio::detail::completion_handler<core::mutable_function<void ()> >::do_complete(asio::detail::task_io_service*, asio::detail::task_io_service_operation*, std::__1::error_code const&, unsigned long)
 #24 asio::detail::task_io_service::do_run_one(asio::detail::scoped_lock<asio::detail::posix_mutex>&, asio::detail::task_io_service_thread_info&, std::__1::error_code const&)
 #25 asio::detail::task_io_service::run(std::__1::error_code&)
 #26 IOService::Run(bool)
 #27 RunAssetImporterV2()
 #28 Application::InitializeProject()
 #29 -[EditorApplication applicationDidFinishLaunching:]
 #30 __CFNOTIFICATIONCENTER_IS_CALLING_OUT_TO_AN_OBSERVER__
 #31 ___CFXRegistrationPost1_block_invoke
 #32 _CFXRegistrationPost1
 #33 ___CFXNotificationPost_block_invoke
 #34 -[_CFXNotificationRegistrar find:object:observer:enumerator:]
 #35 _CFXNotificationPost
 #36 -[NSNotificationCenter postNotificationName:object:userInfo:]
 #37 -[NSApplication _postDidFinishNotification]
 #38 -[NSApplication _sendFinishLaunchingNotification]
 #39 -[NSApplication(NSAppleEventHandling) _handleAEOpenEvent:]
 #40 -[NSApplication(NSAppleEventHandling) _handleCoreEvent:withReplyEvent:]
 #41 -[NSAppleEventManager dispatchRawAppleEvent:withRawReply:handlerRefCon:]
 #42 _NSAppleEventManagerGenericHandler
 #43 _AppleEventsCheckInAppWithBlock
 #44 _AppleEventsCheckInAppWithBlock
 #45 aeProcessAppleEvent
 #46 AEProcessAppleEvent
 #47 _DPSNextEvent
 #48 -[NSApplication(NSEvent) _nextEventMatchingEventMask:untilDate:inMode:dequeue:]
 #49 -[NSApplication run]
 #50 NSApplicationMain
 #51 EditorMain(int, char const**)
 #52 main
 #53 start
 #54 ???

GPGSUpgrader done
 #0 GetStacktrace(int)
 #1 DebugStringToFile(DebugStringToFileData const&)
 #2 DebugLogHandler_CUSTOM_Internal_Log(LogType, LogOption, ScriptingBackendNativeStringPtrOpaque*, ScriptingBackendNativeObjectPtrOpaque*)
 #3  (Mono JIT Code) (wrapper managed-to-native) UnityEngine.DebugLogHandler:Internal_Log (UnityEngine.LogType,UnityEngine.LogOption,string,UnityEngine.Object)
 #4 mono_jit_runtime_invoke
 #5 do_runtime_invoke
 #6 mono_runtime_class_init_full
 #7 ves_icall_System_Runtime_CompilerServices_RuntimeHelpers_RunClassConstructor
 #8  (Mono JIT Code) (wrapper managed-to-native) System.Runtime.CompilerServices.RuntimeHelpers:RunClassConstructor (intptr)
 #9  (Mono JIT Code) (wrapper runtime-invoke) <Module>:runtime_invoke_void_object (object,intptr,intptr,intptr)
 #10 mono_jit_runtime_invoke
 #11 do_runtime_invoke
 #12 mono_runtime_invoke
 #13 scripting_method_invoke(ScriptingMethodPtr, ScriptingObjectPtr, ScriptingArguments&, ScriptingExceptionPtr*, bool)
 #14 ScriptingInvocation::Invoke(ScriptingExceptionPtr*, bool)
 #15 Scripting::UnityEditor::EditorAssembliesProxy::ProcessInitializeOnLoadAttributes(ScriptingArrayPtr, ScriptingExceptionPtr*)
 #16 MonoManager::SetupLoadedEditorAssemblies(dynamic_array<int, 0ul> const&)
 #17 MonoManager::EndReloadAssembly(DomainReloadingData&, dynamic_bitset)
 #18 MonoManager::ReloadAssembly()
 #19 LoadDomainAndUserAssemblies(bool)
 #20 LoadUserAssemblies()
 #21 AssetImportWorkerClient::ReloadMonoDomain(AssetResolver&)
 #22 core::mutable_function<void ()>::DispatchT<void IOService::PostHelper<AssetImportWorkerClient::HandleMessage(PrepareMessage const&)::$_5>(AssetImportWorkerClient::HandleMessage(PrepareMessage const&)::$_5&&, IOService::WrapCallableInFunctionTag)::'lambda'()>::Dispatch()
 #23 asio::detail::completion_handler<core::mutable_function<void ()> >::do_complete(asio::detail::task_io_service*, asio::detail::task_io_service_operation*, std::__1::error_code const&, unsigned long)
 #24 asio::detail::task_io_service::do_run_one(asio::detail::scoped_lock<asio::detail::posix_mutex>&, asio::detail::task_io_service_thread_info&, std::__1::error_code const&)
 #25 asio::detail::task_io_service::run(std::__1::error_code&)
 #26 IOService::Run(bool)
 #27 RunAssetImporterV2()
 #28 Application::InitializeProject()
 #29 -[EditorApplication applicationDidFinishLaunching:]
 #30 __CFNOTIFICATIONCENTER_IS_CALLING_OUT_TO_AN_OBSERVER__
 #31 ___CFXRegistrationPost1_block_invoke
 #32 _CFXRegistrationPost1
 #33 ___CFXNotificationPost_block_invoke
 #34 -[_CFXNotificationRegistrar find:object:observer:enumerator:]
 #35 _CFXNotificationPost
 #36 -[NSNotificationCenter postNotificationName:object:userInfo:]
 #37 -[NSApplication _postDidFinishNotification]
 #38 -[NSApplication _sendFinishLaunchingNotification]
 #39 -[NSApplication(NSAppleEventHandling) _handleAEOpenEvent:]
 #40 -[NSApplication(NSAppleEventHandling) _handleCoreEvent:withReplyEvent:]
 #41 -[NSAppleEventManager dispatchRawAppleEvent:withRawReply:handlerRefCon:]
 #42 _NSAppleEventManagerGenericHandler
 #43 _AppleEventsCheckInAppWithBlock
 #44 _AppleEventsCheckInAppWithBlock
 #45 aeProcessAppleEvent
 #46 AEProcessAppleEvent
 #47 _DPSNextEvent
 #48 -[NSApplication(NSEvent) _nextEventMatchingEventMask:untilDate:inMode:dequeue:]
 #49 -[NSApplication run]
 #50 NSApplicationMain
 #51 EditorMain(int, char const**)
 #52 main
 #53 start
 #54 ???

Mono: successfully reloaded assembly
- Completed reload, in  1.411 seconds
Platform modules already initialized, skipping
Switching build target platform(2) subTarget(0) extendedPlatform(0) -> platform(13) subTarget(589824) extendedPlatform(0)
Refreshing native plugins compatible for Editor in 0.92 ms, found 2 plugins.
Preloading 0 native plugins for Editor in 0.00 ms.
Unloading 2070 Unused Serialized files (Serialized files now loaded: 0)
System memory in use before: 186.0 MB.
System memory in use after: 186.1 MB.

Unloading 63 unused Assets to reduce memory usage. Loaded Objects now: 2527.
Total: 3.634396 ms (FindLiveObjects: 0.482557 ms CreateObjectMapping: 0.184444 ms MarkObjects: 2.911667 ms  DeleteObjects: 0.053119 ms)

AssetImportParameters requested are different than current active one (requested -> active):
  custom:graphics/normal-map-encoding: 01000000000000000000000000000000 -> 02000000000000000000000000000000
========================================================================
Received Import Request.
  Time since last request: 1379.285601 seconds.
  path: Assets/BarsScript.cs
  artifactKey: Guid(81920af196cb7442e9a74c5f62bdd031) Importer(815301076,1909f56bfc062723c751e8b465ee728b)
Start importing Assets/BarsScript.cs using Guid(81920af196cb7442e9a74c5f62bdd031) Importer(815301076,1909f56bfc062723c751e8b465ee728b)  -> (artifact id: 'ce4a71f4f09f3a96be0e7fa4ac3e2016') in 0.015487 seconds
  Import took 0.022359 seconds .

========================================================================
Received Import Request.
  Time since last request: 0.002173 seconds.
  path: Assets/BarsScript.cs
  artifactKey: Guid(81920af196cb7442e9a74c5f62bdd031) Importer(815301076,1909f56bfc062723c751e8b465ee728b)
Start importing Assets/BarsScript.cs using Guid(81920af196cb7442e9a74c5f62bdd031) Importer(815301076,1909f56bfc062723c751e8b465ee728b)  -> (artifact id: 'ce4a71f4f09f3a96be0e7fa4ac3e2016') in 0.002024 seconds
  Import took 0.007914 seconds .

========================================================================
Received Prepare
Registering precompiled user dll's ...
Registered in 0.002221 seconds.
Begin MonoManager ReloadAssembly
Native extension for OSXStandalone target not found
Refreshing native plugins compatible for Editor in 0.84 ms, found 2 plugins.
Preloading 0 native plugins for Editor in 0.00 ms.
GPGSUpgrader start
 #0 GetStacktrace(int)
 #1 DebugStringToFile(DebugStringToFileData const&)
 #2 DebugLogHandler_CUSTOM_Internal_Log(LogType, LogOption, ScriptingBackendNativeStringPtrOpaque*, ScriptingBackendNativeObjectPtrOpaque*)
 #3  (Mono JIT Code) (wrapper managed-to-native) UnityEngine.DebugLogHandler:Internal_Log (UnityEngine.LogType,UnityEngine.LogOption,string,UnityEngine.Object)
 #4 mono_jit_runtime_invoke
 #5 do_runtime_invoke
 #6 mono_runtime_class_init_full
 #7 ves_icall_System_Runtime_CompilerServices_RuntimeHelpers_RunClassConstructor
 #8  (Mono JIT Code) (wrapper managed-to-native) System.Runtime.CompilerServices.RuntimeHelpers:RunClassConstructor (intptr)
 #9  (Mono JIT Code) (wrapper runtime-invoke) <Module>:runtime_invoke_void_object (object,intptr,intptr,intptr)
 #10 mono_jit_runtime_invoke
 #11 do_runtime_invoke
 #12 mono_runtime_invoke
 #13 scripting_method_invoke(ScriptingMethodPtr, ScriptingObjectPtr, ScriptingArguments&, ScriptingExceptionPtr*, bool)
 #14 ScriptingInvocation::Invoke(ScriptingExceptionPtr*, bool)
 #15 Scripting::UnityEditor::EditorAssembliesProxy::ProcessInitializeOnLoadAttributes(ScriptingArrayPtr, ScriptingExceptionPtr*)
 #16 MonoManager::SetupLoadedEditorAssemblies(dynamic_array<int, 0ul> const&)
 #17 MonoManager::EndReloadAssembly(DomainReloadingData&, dynamic_bitset)
 #18 MonoManager::ReloadAssembly()
 #19 LoadDomainAndUserAssemblies(bool)
 #20 LoadUserAssemblies()
 #21 AssetImportWorkerClient::ReloadMonoDomain(AssetResolver&)
 #22 core::mutable_function<void ()>::DispatchT<void IOService::PostHelper<AssetImportWorkerClient::HandleMessage(PrepareMessage const&)::$_5>(AssetImportWorkerClient::HandleMessage(PrepareMessage const&)::$_5&&, IOService::WrapCallableInFunctionTag)::'lambda'()>::Dispatch()
 #23 asio::detail::completion_handler<core::mutable_function<void ()> >::do_complete(asio::detail::task_io_service*, asio::detail::task_io_service_operation*, std::__1::error_code const&, unsigned long)
 #24 asio::detail::task_io_service::do_run_one(asio::detail::scoped_lock<asio::detail::posix_mutex>&, asio::detail::task_io_service_thread_info&, std::__1::error_code const&)
 #25 asio::detail::task_io_service::run(std::__1::error_code&)
 #26 IOService::Run(bool)
 #27 RunAssetImporterV2()
 #28 Application::InitializeProject()
 #29 -[EditorApplication applicationDidFinishLaunching:]
 #30 __CFNOTIFICATIONCENTER_IS_CALLING_OUT_TO_AN_OBSERVER__
 #31 ___CFXRegistrationPost1_block_invoke
 #32 _CFXRegistrationPost1
 #33 ___CFXNotificationPost_block_invoke
 #34 -[_CFXNotificationRegistrar find:object:observer:enumerator:]
 #35 _CFXNotificationPost
 #36 -[NSNotificationCenter postNotificationName:object:userInfo:]
 #37 -[NSApplication _postDidFinishNotification]
 #38 -[NSApplication _sendFinishLaunchingNotification]
 #39 -[NSApplication(NSAppleEventHandling) _handleAEOpenEvent:]
 #40 -[NSApplication(NSAppleEventHandling) _handleCoreEvent:withReplyEvent:]
 #41 -[NSAppleEventManager dispatchRawAppleEvent:withRawReply:handlerRefCon:]
 #42 _NSAppleEventManagerGenericHandler
 #43 _AppleEventsCheckInAppWithBlock
 #44 _AppleEventsCheckInAppWithBlock
 #45 aeProcessAppleEvent
 #46 AEProcessAppleEvent
 #47 _DPSNextEvent
 #48 -[NSApplication(NSEvent) _nextEventMatchingEventMask:untilDate:inMode:dequeue:]
 #49 -[NSApplication run]
 #50 NSApplicationMain
 #51 EditorMain(int, char const**)
 #52 main
 #53 start
 #54 ???

GPGSUpgrader done
 #0 GetStacktrace(int)
 #1 DebugStringToFile(DebugStringToFileData const&)
 #2 DebugLogHandler_CUSTOM_Internal_Log(LogType, LogOption, ScriptingBackendNativeStringPtrOpaque*, ScriptingBackendNativeObjectPtrOpaque*)
 #3  (Mono JIT Code) (wrapper managed-to-native) UnityEngine.DebugLogHandler:Internal_Log (UnityEngine.LogType,UnityEngine.LogOption,string,UnityEngine.Object)
 #4 mono_jit_runtime_invoke
 #5 do_runtime_invoke
 #6 mono_runtime_class_init_full
 #7 ves_icall_System_Runtime_CompilerServices_RuntimeHelpers_RunClassConstructor
 #8  (Mono JIT Code) (wrapper managed-to-native) System.Runtime.CompilerServices.RuntimeHelpers:RunClassConstructor (intptr)
 #9  (Mono JIT Code) (wrapper runtime-invoke) <Module>:runtime_invoke_void_object (object,intptr,intptr,intptr)
 #10 mono_jit_runtime_invoke
 #11 do_runtime_invoke
 #12 mono_runtime_invoke
 #13 scripting_method_invoke(ScriptingMethodPtr, ScriptingObjectPtr, ScriptingArguments&, ScriptingExceptionPtr*, bool)
 #14 ScriptingInvocation::Invoke(ScriptingExceptionPtr*, bool)
 #15 Scripting::UnityEditor::EditorAssembliesProxy::ProcessInitializeOnLoadAttributes(ScriptingArrayPtr, ScriptingExceptionPtr*)
 #16 MonoManager::SetupLoadedEditorAssemblies(dynamic_array<int, 0ul> const&)
 #17 MonoManager::EndReloadAssembly(DomainReloadingData&, dynamic_bitset)
 #18 MonoManager::ReloadAssembly()
 #19 LoadDomainAndUserAssemblies(bool)
 #20 LoadUserAssemblies()
 #21 AssetImportWorkerClient::ReloadMonoDomain(AssetResolver&)
 #22 core::mutable_function<void ()>::DispatchT<void IOService::PostHelper<AssetImportWorkerClient::HandleMessage(PrepareMessage const&)::$_5>(AssetImportWorkerClient::HandleMessage(PrepareMessage const&)::$_5&&, IOService::WrapCallableInFunctionTag)::'lambda'()>::Dispatch()
 #23 asio::detail::completion_handler<core::mutable_function<void ()> >::do_complete(asio::detail::task_io_service*, asio::detail::task_io_service_operation*, std::__1::error_code const&, unsigned long)
 #24 asio::detail::task_io_service::do_run_one(asio::detail::scoped_lock<asio::detail::posix_mutex>&, asio::detail::task_io_service_thread_info&, std::__1::error_code const&)
 #25 asio::detail::task_io_service::run(std::__1::error_code&)
 #26 IOService::Run(bool)
 #27 RunAssetImporterV2()
 #28 Application::InitializeProject()
 #29 -[EditorApplication applicationDidFinishLaunching:]
 #30 __CFNOTIFICATIONCENTER_IS_CALLING_OUT_TO_AN_OBSERVER__
 #31 ___CFXRegistrationPost1_block_invoke
 #32 _CFXRegistrationPost1
 #33 ___CFXNotificationPost_block_invoke
 #34 -[_CFXNotificationRegistrar find:object:observer:enumerator:]
 #35 _CFXNotificationPost
 #36 -[NSNotificationCenter postNotificationName:object:userInfo:]
 #37 -[NSApplication _postDidFinishNotification]
 #38 -[NSApplication _sendFinishLaunchingNotification]
 #39 -[NSApplication(NSAppleEventHandling) _handleAEOpenEvent:]
 #40 -[NSApplication(NSAppleEventHandling) _handleCoreEvent:withReplyEvent:]
 #41 -[NSAppleEventManager dispatchRawAppleEvent:withRawReply:handlerRefCon:]
 #42 _NSAppleEventManagerGenericHandler
 #43 _AppleEventsCheckInAppWithBlock
 #44 _AppleEventsCheckInAppWithBlock
 #45 aeProcessAppleEvent
 #46 AEProcessAppleEvent
 #47 _DPSNextEvent
 #48 -[NSApplication(NSEvent) _nextEventMatchingEventMask:untilDate:inMode:dequeue:]
 #49 -[NSApplication run]
 #50 NSApplicationMain
 #51 EditorMain(int, char const**)
 #52 main
 #53 start
 #54 ???

Mono: successfully reloaded assembly
- Completed reload, in  1.203 seconds
Platform modules already initialized, skipping
Switching build target platform(2) subTarget(0) extendedPlatform(0) -> platform(13) subTarget(589824) extendedPlatform(0)
Refreshing native plugins compatible for Editor in 1.04 ms, found 2 plugins.
Preloading 0 native plugins for Editor in 0.00 ms.
Unloading 2070 Unused Serialized files (Serialized files now loaded: 0)
System memory in use before: 186.4 MB.
System memory in use after: 186.5 MB.

Unloading 63 unused Assets to reduce memory usage. Loaded Objects now: 2531.
Total: 2.359228 ms (FindLiveObjects: 0.218750 ms CreateObjectMapping: 0.079190 ms MarkObjects: 2.012535 ms  DeleteObjects: 0.047555 ms)

AssetImportParameters requested are different than current active one (requested -> active):
  custom:graphics/normal-map-encoding: 01000000000000000000000000000000 -> 02000000000000000000000000000000
========================================================================
Received Import Request.
  Time since last request: 1124.789938 seconds.
  path: Assets/BarsScript.cs
  artifactKey: Guid(78b40935ccadf4da186bc8e8376004e0) Importer(815301076,1909f56bfc062723c751e8b465ee728b)
Start importing Assets/BarsScript.cs using Guid(78b40935ccadf4da186bc8e8376004e0) Importer(815301076,1909f56bfc062723c751e8b465ee728b)  -> (artifact id: 'cba825806dd3f453919176a797893fe9') in 0.046854 seconds
  Import took 0.084314 seconds .

========================================================================
Received Import Request.
  Time since last request: 10.434672 seconds.
  path: Assets/Scripts/BarsScript.cs
  artifactKey: Guid(81920af196cb7442e9a74c5f62bdd031) Importer(815301076,1909f56bfc062723c751e8b465ee728b)
Start importing Assets/Scripts/BarsScript.cs using Guid(81920af196cb7442e9a74c5f62bdd031) Importer(815301076,1909f56bfc062723c751e8b465ee728b)  -> (artifact id: 'a0161369430929298ecf5892d8005ae1') in 0.002079 seconds
  Import took 0.009140 seconds .

========================================================================
Received Import Request.
  Time since last request: 58.676187 seconds.
  path: Assets/Scripts/Volastro.cs
  artifactKey: Guid(a0341ceb479c6e741b2ac4dd2f0f07b2) Importer(815301076,1909f56bfc062723c751e8b465ee728b)
Start importing Assets/Scripts/Volastro.cs using Guid(a0341ceb479c6e741b2ac4dd2f0f07b2) Importer(815301076,1909f56bfc062723c751e8b465ee728b)  -> (artifact id: 'b7d4bc351c5dc48aa8e75e0bbd56b30c') in 0.004089 seconds
  Import took 0.009188 seconds .

========================================================================
Received Import Request.
  Time since last request: 157.992349 seconds.
  path: Assets/Scripts/BarsScript.cs
  artifactKey: Guid(81920af196cb7442e9a74c5f62bdd031) Importer(815301076,1909f56bfc062723c751e8b465ee728b)
Start importing Assets/Scripts/BarsScript.cs using Guid(81920af196cb7442e9a74c5f62bdd031) Importer(815301076,1909f56bfc062723c751e8b465ee728b)  -> (artifact id: '5a866adae63d31c80a4adf6ce65c953c') in 0.015174 seconds
  Import took 0.025429 seconds .

========================================================================
Received Prepare
Registering precompiled user dll's ...
Registered in 0.002807 seconds.
Begin MonoManager ReloadAssembly
Native extension for OSXStandalone target not found
Refreshing native plugins compatible for Editor in 0.90 ms, found 2 plugins.
Preloading 0 native plugins for Editor in 0.00 ms.
GPGSUpgrader start
 #0 GetStacktrace(int)
 #1 DebugStringToFile(DebugStringToFileData const&)
 #2 DebugLogHandler_CUSTOM_Internal_Log(LogType, LogOption, ScriptingBackendNativeStringPtrOpaque*, ScriptingBackendNativeObjectPtrOpaque*)
 #3  (Mono JIT Code) (wrapper managed-to-native) UnityEngine.DebugLogHandler:Internal_Log (UnityEngine.LogType,UnityEngine.LogOption,string,UnityEngine.Object)
 #4 mono_jit_runtime_invoke
 #5 do_runtime_invoke
 #6 mono_runtime_class_init_full
 #7 ves_icall_System_Runtime_CompilerServices_RuntimeHelpers_RunClassConstructor
 #8  (Mono JIT Code) (wrapper managed-to-native) System.Runtime.CompilerServices.RuntimeHelpers:RunClassConstructor (intptr)
 #9  (Mono JIT Code) (wrapper runtime-invoke) <Module>:runtime_invoke_void_object (object,intptr,intptr,intptr)
 #10 mono_jit_runtime_invoke
 #11 do_runtime_invoke
 #12 mono_runtime_invoke
 #13 scripting_method_invoke(ScriptingMethodPtr, ScriptingObjectPtr, ScriptingArguments&, ScriptingExceptionPtr*, bool)
 #14 ScriptingInvocation::Invoke(ScriptingExceptionPtr*, bool)
 #15 Scripting::UnityEditor::EditorAssembliesProxy::ProcessInitializeOnLoadAttributes(ScriptingArrayPtr, ScriptingExceptionPtr*)
 #16 MonoManager::SetupLoadedEditorAssemblies(dynamic_array<int, 0ul> const&)
 #17 MonoManager::EndReloadAssembly(DomainReloadingData&, dynamic_bitset)
 #18 MonoManager::ReloadAssembly()
 #19 LoadDomainAndUserAssemblies(bool)
 #20 LoadUserAssemblies()
 #21 AssetImportWorkerClient::ReloadMonoDomain(AssetResolver&)
 #22 core::mutable_function<void ()>::DispatchT<void IOService::PostHelper<AssetImportWorkerClient::HandleMessage(PrepareMessage const&)::$_5>(AssetImportWorkerClient::HandleMessage(PrepareMessage const&)::$_5&&, IOService::WrapCallableInFunctionTag)::'lambda'()>::Dispatch()
 #23 asio::detail::completion_handler<core::mutable_function<void ()> >::do_complete(asio::detail::task_io_service*, asio::detail::task_io_service_operation*, std::__1::error_code const&, unsigned long)
 #24 asio::detail::task_io_service::do_run_one(asio::detail::scoped_lock<asio::detail::posix_mutex>&, asio::detail::task_io_service_thread_info&, std::__1::error_code const&)
 #25 asio::detail::task_io_service::run(std::__1::error_code&)
 #26 IOService::Run(bool)
 #27 RunAssetImporterV2()
 #28 Application::InitializeProject()
 #29 -[EditorApplication applicationDidFinishLaunching:]
 #30 __CFNOTIFICATIONCENTER_IS_CALLING_OUT_TO_AN_OBSERVER__
 #31 ___CFXRegistrationPost1_block_invoke
 #32 _CFXRegistrationPost1
 #33 ___CFXNotificationPost_block_invoke
 #34 -[_CFXNotificationRegistrar find:object:observer:enumerator:]
 #35 _CFXNotificationPost
 #36 -[NSNotificationCenter postNotificationName:object:userInfo:]
 #37 -[NSApplication _postDidFinishNotification]
 #38 -[NSApplication _sendFinishLaunchingNotification]
 #39 -[NSApplication(NSAppleEventHandling) _handleAEOpenEvent:]
 #40 -[NSApplication(NSAppleEventHandling) _handleCoreEvent:withReplyEvent:]
 #41 -[NSAppleEventManager dispatchRawAppleEvent:withRawReply:handlerRefCon:]
 #42 _NSAppleEventManagerGenericHandler
 #43 _AppleEventsCheckInAppWithBlock
 #44 _AppleEventsCheckInAppWithBlock
 #45 aeProcessAppleEvent
 #46 AEProcessAppleEvent
 #47 _DPSNextEvent
 #48 -[NSApplication(NSEvent) _nextEventMatchingEventMask:untilDate:inMode:dequeue:]
 #49 -[NSApplication run]
 #50 NSApplicationMain
 #51 EditorMain(int, char const**)
 #52 main
 #53 start
 #54 ???

GPGSUpgrader done
 #0 GetStacktrace(int)
 #1 DebugStringToFile(DebugStringToFileData const&)
 #2 DebugLogHandler_CUSTOM_Internal_Log(LogType, LogOption, ScriptingBackendNativeStringPtrOpaque*, ScriptingBackendNativeObjectPtrOpaque*)
 #3  (Mono JIT Code) (wrapper managed-to-native) UnityEngine.DebugLogHandler:Internal_Log (UnityEngine.LogType,UnityEngine.LogOption,string,UnityEngine.Object)
 #4 mono_jit_runtime_invoke
 #5 do_runtime_invoke
 #6 mono_runtime_class_init_full
 #7 ves_icall_System_Runtime_CompilerServices_RuntimeHelpers_RunClassConstructor
 #8  (Mono JIT Code) (wrapper managed-to-native) System.Runtime.CompilerServices.RuntimeHelpers:RunClassConstructor (intptr)
 #9  (Mono JIT Code) (wrapper runtime-invoke) <Module>:runtime_invoke_void_object (object,intptr,intptr,intptr)
 #10 mono_jit_runtime_invoke
 #11 do_runtime_invoke
 #12 mono_runtime_invoke
 #13 scripting_method_invoke(ScriptingMethodPtr, ScriptingObjectPtr, ScriptingArguments&, ScriptingExceptionPtr*, bool)
 #14 ScriptingInvocation::Invoke(ScriptingExceptionPtr*, bool)
 #15 Scripting::UnityEditor::EditorAssembliesProxy::ProcessInitializeOnLoadAttributes(ScriptingArrayPtr, ScriptingExceptionPtr*)
 #16 MonoManager::SetupLoadedEditorAssemblies(dynamic_array<int, 0ul> const&)
 #17 MonoManager::EndReloadAssembly(DomainReloadingData&, dynamic_bitset)
 #18 MonoManager::ReloadAssembly()
 #19 LoadDomainAndUserAssemblies(bool)
 #20 LoadUserAssemblies()
 #21 AssetImportWorkerClient::ReloadMonoDomain(AssetResolver&)
 #22 core::mutable_function<void ()>::DispatchT<void IOService::PostHelper<AssetImportWorkerClient::HandleMessage(PrepareMessage const&)::$_5>(AssetImportWorkerClient::HandleMessage(PrepareMessage const&)::$_5&&, IOService::WrapCallableInFunctionTag)::'lambda'()>::Dispatch()
 #23 asio::detail::completion_handler<core::mutable_function<void ()> >::do_complete(asio::detail::task_io_service*, asio::detail::task_io_service_operation*, std::__1::error_code const&, unsigned long)
 #24 asio::detail::task_io_service::do_run_one(asio::detail::scoped_lock<asio::detail::posix_mutex>&, asio::detail::task_io_service_thread_info&, std::__1::error_code const&)
 #25 asio::detail::task_io_service::run(std::__1::error_code&)
 #26 IOService::Run(bool)
 #27 RunAssetImporterV2()
 #28 Application::InitializeProject()
 #29 -[EditorApplication applicationDidFinishLaunching:]
 #30 __CFNOTIFICATIONCENTER_IS_CALLING_OUT_TO_AN_OBSERVER__
 #31 ___CFXRegistrationPost1_block_invoke
 #32 _CFXRegistrationPost1
 #33 ___CFXNotificationPost_block_invoke
 #34 -[_CFXNotificationRegistrar find:object:observer:enumerator:]
 #35 _CFXNotificationPost
 #36 -[NSNotificationCenter postNotificationName:object:userInfo:]
 #37 -[NSApplication _postDidFinishNotification]
 #38 -[NSApplication _sendFinishLaunchingNotification]
 #39 -[NSApplication(NSAppleEventHandling) _handleAEOpenEvent:]
 #40 -[NSApplication(NSAppleEventHandling) _handleCoreEvent:withReplyEvent:]
 #41 -[NSAppleEventManager dispatchRawAppleEvent:withRawReply:handlerRefCon:]
 #42 _NSAppleEventManagerGenericHandler
 #43 _AppleEventsCheckInAppWithBlock
 #44 _AppleEventsCheckInAppWithBlock
 #45 aeProcessAppleEvent
 #46 AEProcessAppleEvent
 #47 _DPSNextEvent
 #48 -[NSApplication(NSEvent) _nextEventMatchingEventMask:untilDate:inMode:dequeue:]
 #49 -[NSApplication run]
 #50 NSApplicationMain
 #51 EditorMain(int, char const**)
 #52 main
 #53 start
 #54 ???

Mono: successfully reloaded assembly
- Completed reload, in  1.284 seconds
Platform modules already initialized, skipping
Switching build target platform(2) subTarget(0) extendedPlatform(0) -> platform(13) subTarget(589824) extendedPlatform(0)
Refreshing native plugins compatible for Editor in 0.90 ms, found 2 plugins.
Preloading 0 native plugins for Editor in 0.00 ms.
Unloading 2070 Unused Serialized files (Serialized files now loaded: 0)
System memory in use before: 186.9 MB.
System memory in use after: 187.0 MB.

Unloading 63 unused Assets to reduce memory usage. Loaded Objects now: 2535.
Total: 2.580934 ms (FindLiveObjects: 0.343215 ms CreateObjectMapping: 0.100255 ms MarkObjects: 2.091563 ms  DeleteObjects: 0.044784 ms)

AssetImportParameters requested are different than current active one (requested -> active):
  custom:graphics/normal-map-encoding: 01000000000000000000000000000000 -> 02000000000000000000000000000000
========================================================================
Received Prepare
Registering precompiled user dll's ...
Registered in 0.001479 seconds.
Begin MonoManager ReloadAssembly
Native extension for OSXStandalone target not found
Refreshing native plugins compatible for Editor in 0.88 ms, found 2 plugins.
Preloading 0 native plugins for Editor in 0.00 ms.
GPGSUpgrader start
 #0 GetStacktrace(int)
 #1 DebugStringToFile(DebugStringToFileData const&)
 #2 DebugLogHandler_CUSTOM_Internal_Log(LogType, LogOption, ScriptingBackendNativeStringPtrOpaque*, ScriptingBackendNativeObjectPtrOpaque*)
 #3  (Mono JIT Code) (wrapper managed-to-native) UnityEngine.DebugLogHandler:Internal_Log (UnityEngine.LogType,UnityEngine.LogOption,string,UnityEngine.Object)
 #4 mono_jit_runtime_invoke
 #5 do_runtime_invoke
 #6 mono_runtime_class_init_full
 #7 ves_icall_System_Runtime_CompilerServices_RuntimeHelpers_RunClassConstructor
 #8  (Mono JIT Code) (wrapper managed-to-native) System.Runtime.CompilerServices.RuntimeHelpers:RunClassConstructor (intptr)
 #9  (Mono JIT Code) (wrapper runtime-invoke) <Module>:runtime_invoke_void_object (object,intptr,intptr,intptr)
 #10 mono_jit_runtime_invoke
 #11 do_runtime_invoke
 #12 mono_runtime_invoke
 #13 scripting_method_invoke(ScriptingMethodPtr, ScriptingObjectPtr, ScriptingArguments&, ScriptingExceptionPtr*, bool)
 #14 ScriptingInvocation::Invoke(ScriptingExceptionPtr*, bool)
 #15 Scripting::UnityEditor::EditorAssembliesProxy::ProcessInitializeOnLoadAttributes(ScriptingArrayPtr, ScriptingExceptionPtr*)
 #16 MonoManager::SetupLoadedEditorAssemblies(dynamic_array<int, 0ul> const&)
 #17 MonoManager::EndReloadAssembly(DomainReloadingData&, dynamic_bitset)
 #18 MonoManager::ReloadAssembly()
 #19 LoadDomainAndUserAssemblies(bool)
 #20 LoadUserAssemblies()
 #21 AssetImportWorkerClient::ReloadMonoDomain(AssetResolver&)
 #22 core::mutable_function<void ()>::DispatchT<void IOService::PostHelper<AssetImportWorkerClient::HandleMessage(PrepareMessage const&)::$_5>(AssetImportWorkerClient::HandleMessage(PrepareMessage const&)::$_5&&, IOService::WrapCallableInFunctionTag)::'lambda'()>::Dispatch()
 #23 asio::detail::completion_handler<core::mutable_function<void ()> >::do_complete(asio::detail::task_io_service*, asio::detail::task_io_service_operation*, std::__1::error_code const&, unsigned long)
 #24 asio::detail::task_io_service::do_run_one(asio::detail::scoped_lock<asio::detail::posix_mutex>&, asio::detail::task_io_service_thread_info&, std::__1::error_code const&)
 #25 asio::detail::task_io_service::run(std::__1::error_code&)
 #26 IOService::Run(bool)
 #27 RunAssetImporterV2()
 #28 Application::InitializeProject()
 #29 -[EditorApplication applicationDidFinishLaunching:]
 #30 __CFNOTIFICATIONCENTER_IS_CALLING_OUT_TO_AN_OBSERVER__
 #31 ___CFXRegistrationPost1_block_invoke
 #32 _CFXRegistrationPost1
 #33 ___CFXNotificationPost_block_invoke
 #34 -[_CFXNotificationRegistrar find:object:observer:enumerator:]
 #35 _CFXNotificationPost
 #36 -[NSNotificationCenter postNotificationName:object:userInfo:]
 #37 -[NSApplication _postDidFinishNotification]
 #38 -[NSApplication _sendFinishLaunchingNotification]
 #39 -[NSApplication(NSAppleEventHandling) _handleAEOpenEvent:]
 #40 -[NSApplication(NSAppleEventHandling) _handleCoreEvent:withReplyEvent:]
 #41 -[NSAppleEventManager dispatchRawAppleEvent:withRawReply:handlerRefCon:]
 #42 _NSAppleEventManagerGenericHandler
 #43 _AppleEventsCheckInAppWithBlock
 #44 _AppleEventsCheckInAppWithBlock
 #45 aeProcessAppleEvent
 #46 AEProcessAppleEvent
 #47 _DPSNextEvent
 #48 -[NSApplication(NSEvent) _nextEventMatchingEventMask:untilDate:inMode:dequeue:]
 #49 -[NSApplication run]
 #50 NSApplicationMain
 #51 EditorMain(int, char const**)
 #52 main
 #53 start
 #54 ???

GPGSUpgrader done
 #0 GetStacktrace(int)
 #1 DebugStringToFile(DebugStringToFileData const&)
 #2 DebugLogHandler_CUSTOM_Internal_Log(LogType, LogOption, ScriptingBackendNativeStringPtrOpaque*, ScriptingBackendNativeObjectPtrOpaque*)
 #3  (Mono JIT Code) (wrapper managed-to-native) UnityEngine.DebugLogHandler:Internal_Log (UnityEngine.LogType,UnityEngine.LogOption,string,UnityEngine.Object)
 #4 mono_jit_runtime_invoke
 #5 do_runtime_invoke
 #6 mono_runtime_class_init_full
 #7 ves_icall_System_Runtime_CompilerServices_RuntimeHelpers_RunClassConstructor
 #8  (Mono JIT Code) (wrapper managed-to-native) System.Runtime.CompilerServices.RuntimeHelpers:RunClassConstructor (intptr)
 #9  (Mono JIT Code) (wrapper runtime-invoke) <Module>:runtime_invoke_void_object (object,intptr,intptr,intptr)
 #10 mono_jit_runtime_invoke
 #11 do_runtime_invoke
 #12 mono_runtime_invoke
 #13 scripting_method_invoke(ScriptingMethodPtr, ScriptingObjectPtr, ScriptingArguments&, ScriptingExceptionPtr*, bool)
 #14 ScriptingInvocation::Invoke(ScriptingExceptionPtr*, bool)
 #15 Scripting::UnityEditor::EditorAssembliesProxy::ProcessInitializeOnLoadAttributes(ScriptingArrayPtr, ScriptingExceptionPtr*)
 #16 MonoManager::SetupLoadedEditorAssemblies(dynamic_array<int, 0ul> const&)
 #17 MonoManager::EndReloadAssembly(DomainReloadingData&, dynamic_bitset)
 #18 MonoManager::ReloadAssembly()
 #19 LoadDomainAndUserAssemblies(bool)
 #20 LoadUserAssemblies()
 #21 AssetImportWorkerClient::ReloadMonoDomain(AssetResolver&)
 #22 core::mutable_function<void ()>::DispatchT<void IOService::PostHelper<AssetImportWorkerClient::HandleMessage(PrepareMessage const&)::$_5>(AssetImportWorkerClient::HandleMessage(PrepareMessage const&)::$_5&&, IOService::WrapCallableInFunctionTag)::'lambda'()>::Dispatch()
 #23 asio::detail::completion_handler<core::mutable_function<void ()> >::do_complete(asio::detail::task_io_service*, asio::detail::task_io_service_operation*, std::__1::error_code const&, unsigned long)
 #24 asio::detail::task_io_service::do_run_one(asio::detail::scoped_lock<asio::detail::posix_mutex>&, asio::detail::task_io_service_thread_info&, std::__1::error_code const&)
 #25 asio::detail::task_io_service::run(std::__1::error_code&)
 #26 IOService::Run(bool)
 #27 RunAssetImporterV2()
 #28 Application::InitializeProject()
 #29 -[EditorApplication applicationDidFinishLaunching:]
 #30 __CFNOTIFICATIONCENTER_IS_CALLING_OUT_TO_AN_OBSERVER__
 #31 ___CFXRegistrationPost1_block_invoke
 #32 _CFXRegistrationPost1
 #33 ___CFXNotificationPost_block_invoke
 #34 -[_CFXNotificationRegistrar find:object:observer:enumerator:]
 #35 _CFXNotificationPost
 #36 -[NSNotificationCenter postNotificationName:object:userInfo:]
 #37 -[NSApplication _postDidFinishNotification]
 #38 -[NSApplication _sendFinishLaunchingNotification]
 #39 -[NSApplication(NSAppleEventHandling) _handleAEOpenEvent:]
 #40 -[NSApplication(NSAppleEventHandling) _handleCoreEvent:withReplyEvent:]
 #41 -[NSAppleEventManager dispatchRawAppleEvent:withRawReply:handlerRefCon:]
 #42 _NSAppleEventManagerGenericHandler
 #43 _AppleEventsCheckInAppWithBlock
 #44 _AppleEventsCheckInAppWithBlock
 #45 aeProcessAppleEvent
 #46 AEProcessAppleEvent
 #47 _DPSNextEvent
 #48 -[NSApplication(NSEvent) _nextEventMatchingEventMask:untilDate:inMode:dequeue:]
 #49 -[NSApplication run]
 #50 NSApplicationMain
 #51 EditorMain(int, char const**)
 #52 main
 #53 start
 #54 ???

Mono: successfully reloaded assembly
- Completed reload, in  1.135 seconds
Platform modules already initialized, skipping
Switching build target platform(2) subTarget(0) extendedPlatform(0) -> platform(13) subTarget(589824) extendedPlatform(0)
Refreshing native plugins compatible for Editor in 1.13 ms, found 2 plugins.
Preloading 0 native plugins for Editor in 0.00 ms.
Unloading 2070 Unused Serialized files (Serialized files now loaded: 0)
System memory in use before: 187.2 MB.
System memory in use after: 187.4 MB.

Unloading 63 unused Assets to reduce memory usage. Loaded Objects now: 2539.
Total: 2.697862 ms (FindLiveObjects: 0.312183 ms CreateObjectMapping: 0.090964 ms MarkObjects: 2.264397 ms  DeleteObjects: 0.029046 ms)

AssetImportParameters requested are different than current active one (requested -> active):
  custom:graphics/normal-map-encoding: 01000000000000000000000000000000 -> 02000000000000000000000000000000
========================================================================
Received Prepare
Registering precompiled user dll's ...
Registered in 0.001527 seconds.
Begin MonoManager ReloadAssembly
Native extension for OSXStandalone target not found
Refreshing native plugins compatible for Editor in 0.88 ms, found 2 plugins.
Preloading 0 native plugins for Editor in 0.00 ms.
GPGSUpgrader start
 #0 GetStacktrace(int)
 #1 DebugStringToFile(DebugStringToFileData const&)
 #2 DebugLogHandler_CUSTOM_Internal_Log(LogType, LogOption, ScriptingBackendNativeStringPtrOpaque*, ScriptingBackendNativeObjectPtrOpaque*)
 #3  (Mono JIT Code) (wrapper managed-to-native) UnityEngine.DebugLogHandler:Internal_Log (UnityEngine.LogType,UnityEngine.LogOption,string,UnityEngine.Object)
 #4 mono_jit_runtime_invoke
 #5 do_runtime_invoke
 #6 mono_runtime_class_init_full
 #7 ves_icall_System_Runtime_CompilerServices_RuntimeHelpers_RunClassConstructor
 #8  (Mono JIT Code) (wrapper managed-to-native) System.Runtime.CompilerServices.RuntimeHelpers:RunClassConstructor (intptr)
 #9  (Mono JIT Code) (wrapper runtime-invoke) <Module>:runtime_invoke_void_object (object,intptr,intptr,intptr)
 #10 mono_jit_runtime_invoke
 #11 do_runtime_invoke
 #12 mono_runtime_invoke
 #13 scripting_method_invoke(ScriptingMethodPtr, ScriptingObjectPtr, ScriptingArguments&, ScriptingExceptionPtr*, bool)
 #14 ScriptingInvocation::Invoke(ScriptingExceptionPtr*, bool)
 #15 Scripting::UnityEditor::EditorAssembliesProxy::ProcessInitializeOnLoadAttributes(ScriptingArrayPtr, ScriptingExceptionPtr*)
 #16 MonoManager::SetupLoadedEditorAssemblies(dynamic_array<int, 0ul> const&)
 #17 MonoManager::EndReloadAssembly(DomainReloadingData&, dynamic_bitset)
 #18 MonoManager::ReloadAssembly()
 #19 LoadDomainAndUserAssemblies(bool)
 #20 LoadUserAssemblies()
 #21 AssetImportWorkerClient::ReloadMonoDomain(AssetResolver&)
 #22 core::mutable_function<void ()>::DispatchT<void IOService::PostHelper<AssetImportWorkerClient::HandleMessage(PrepareMessage const&)::$_5>(AssetImportWorkerClient::HandleMessage(PrepareMessage const&)::$_5&&, IOService::WrapCallableInFunctionTag)::'lambda'()>::Dispatch()
 #23 asio::detail::completion_handler<core::mutable_function<void ()> >::do_complete(asio::detail::task_io_service*, asio::detail::task_io_service_operation*, std::__1::error_code const&, unsigned long)
 #24 asio::detail::task_io_service::do_run_one(asio::detail::scoped_lock<asio::detail::posix_mutex>&, asio::detail::task_io_service_thread_info&, std::__1::error_code const&)
 #25 asio::detail::task_io_service::run(std::__1::error_code&)
 #26 IOService::Run(bool)
 #27 RunAssetImporterV2()
 #28 Application::InitializeProject()
 #29 -[EditorApplication applicationDidFinishLaunching:]
 #30 __CFNOTIFICATIONCENTER_IS_CALLING_OUT_TO_AN_OBSERVER__
 #31 ___CFXRegistrationPost1_block_invoke
 #32 _CFXRegistrationPost1
 #33 ___CFXNotificationPost_block_invoke
 #34 -[_CFXNotificationRegistrar find:object:observer:enumerator:]
 #35 _CFXNotificationPost
 #36 -[NSNotificationCenter postNotificationName:object:userInfo:]
 #37 -[NSApplication _postDidFinishNotification]
 #38 -[NSApplication _sendFinishLaunchingNotification]
 #39 -[NSApplication(NSAppleEventHandling) _handleAEOpenEvent:]
 #40 -[NSApplication(NSAppleEventHandling) _handleCoreEvent:withReplyEvent:]
 #41 -[NSAppleEventManager dispatchRawAppleEvent:withRawReply:handlerRefCon:]
 #42 _NSAppleEventManagerGenericHandler
 #43 _AppleEventsCheckInAppWithBlock
 #44 _AppleEventsCheckInAppWithBlock
 #45 aeProcessAppleEvent
 #46 AEProcessAppleEvent
 #47 _DPSNextEvent
 #48 -[NSApplication(NSEvent) _nextEventMatchingEventMask:untilDate:inMode:dequeue:]
 #49 -[NSApplication run]
 #50 NSApplicationMain
 #51 EditorMain(int, char const**)
 #52 main
 #53 start
 #54 ???

GPGSUpgrader done
 #0 GetStacktrace(int)
 #1 DebugStringToFile(DebugStringToFileData const&)
 #2 DebugLogHandler_CUSTOM_Internal_Log(LogType, LogOption, ScriptingBackendNativeStringPtrOpaque*, ScriptingBackendNativeObjectPtrOpaque*)
 #3  (Mono JIT Code) (wrapper managed-to-native) UnityEngine.DebugLogHandler:Internal_Log (UnityEngine.LogType,UnityEngine.LogOption,string,UnityEngine.Object)
 #4 mono_jit_runtime_invoke
 #5 do_runtime_invoke
 #6 mono_runtime_class_init_full
 #7 ves_icall_System_Runtime_CompilerServices_RuntimeHelpers_RunClassConstructor
 #8  (Mono JIT Code) (wrapper managed-to-native) System.Runtime.CompilerServices.RuntimeHelpers:RunClassConstructor (intptr)
 #9  (Mono JIT Code) (wrapper runtime-invoke) <Module>:runtime_invoke_void_object (object,intptr,intptr,intptr)
 #10 mono_jit_runtime_invoke
 #11 do_runtime_invoke
 #12 mono_runtime_invoke
 #13 scripting_method_invoke(ScriptingMethodPtr, ScriptingObjectPtr, ScriptingArguments&, ScriptingExceptionPtr*, bool)
 #14 ScriptingInvocation::Invoke(ScriptingExceptionPtr*, bool)
 #15 Scripting::UnityEditor::EditorAssembliesProxy::ProcessInitializeOnLoadAttributes(ScriptingArrayPtr, ScriptingExceptionPtr*)
 #16 MonoManager::SetupLoadedEditorAssemblies(dynamic_array<int, 0ul> const&)
 #17 MonoManager::EndReloadAssembly(DomainReloadingData&, dynamic_bitset)
 #18 MonoManager::ReloadAssembly()
 #19 LoadDomainAndUserAssemblies(bool)
 #20 LoadUserAssemblies()
 #21 AssetImportWorkerClient::ReloadMonoDomain(AssetResolver&)
 #22 core::mutable_function<void ()>::DispatchT<void IOService::PostHelper<AssetImportWorkerClient::HandleMessage(PrepareMessage const&)::$_5>(AssetImportWorkerClient::HandleMessage(PrepareMessage const&)::$_5&&, IOService::WrapCallableInFunctionTag)::'lambda'()>::Dispatch()
 #23 asio::detail::completion_handler<core::mutable_function<void ()> >::do_complete(asio::detail::task_io_service*, asio::detail::task_io_service_operation*, std::__1::error_code const&, unsigned long)
 #24 asio::detail::task_io_service::do_run_one(asio::detail::scoped_lock<asio::detail::posix_mutex>&, asio::detail::task_io_service_thread_info&, std::__1::error_code const&)
 #25 asio::detail::task_io_service::run(std::__1::error_code&)
 #26 IOService::Run(bool)
 #27 RunAssetImporterV2()
 #28 Application::InitializeProject()
 #29 -[EditorApplication applicationDidFinishLaunching:]
 #30 __CFNOTIFICATIONCENTER_IS_CALLING_OUT_TO_AN_OBSERVER__
 #31 ___CFXRegistrationPost1_block_invoke
 #32 _CFXRegistrationPost1
 #33 ___CFXNotificationPost_block_invoke
 #34 -[_CFXNotificationRegistrar find:object:observer:enumerator:]
 #35 _CFXNotificationPost
 #36 -[NSNotificationCenter postNotificationName:object:userInfo:]
 #37 -[NSApplication _postDidFinishNotification]
 #38 -[NSApplication _sendFinishLaunchingNotification]
 #39 -[NSApplication(NSAppleEventHandling) _handleAEOpenEvent:]
 #40 -[NSApplication(NSAppleEventHandling) _handleCoreEvent:withReplyEvent:]
 #41 -[NSAppleEventManager dispatchRawAppleEvent:withRawReply:handlerRefCon:]
 #42 _NSAppleEventManagerGenericHandler
 #43 _AppleEventsCheckInAppWithBlock
 #44 _AppleEventsCheckInAppWithBlock
 #45 aeProcessAppleEvent
 #46 AEProcessAppleEvent
 #47 _DPSNextEvent
 #48 -[NSApplication(NSEvent) _nextEventMatchingEventMask:untilDate:inMode:dequeue:]
 #49 -[NSApplication run]
 #50 NSApplicationMain
 #51 EditorMain(int, char const**)
 #52 main
 #53 start
 #54 ???

Mono: successfully reloaded assembly
- Completed reload, in  1.123 seconds
Platform modules already initialized, skipping
Switching build target platform(2) subTarget(0) extendedPlatform(0) -> platform(13) subTarget(589824) extendedPlatform(0)
Refreshing native plugins compatible for Editor in 0.84 ms, found 2 plugins.
Preloading 0 native plugins for Editor in 0.00 ms.
Unloading 2070 Unused Serialized files (Serialized files now loaded: 0)
System memory in use before: 187.5 MB.
System memory in use after: 187.7 MB.

Unloading 63 unused Assets to reduce memory usage. Loaded Objects now: 2543.
Total: 2.179219 ms (FindLiveObjects: 0.247537 ms CreateObjectMapping: 0.088564 ms MarkObjects: 1.817253 ms  DeleteObjects: 0.025187 ms)

AssetImportParameters requested are different than current active one (requested -> active):
  custom:graphics/normal-map-encoding: 01000000000000000000000000000000 -> 02000000000000000000000000000000
========================================================================
Received Prepare
Registering precompiled user dll's ...
Registered in 0.006964 seconds.
Begin MonoManager ReloadAssembly
Native extension for OSXStandalone target not found
Refreshing native plugins compatible for Editor in 1.70 ms, found 2 plugins.
Preloading 0 native plugins for Editor in 0.00 ms.
GPGSUpgrader start
 #0 GetStacktrace(int)
 #1 DebugStringToFile(DebugStringToFileData const&)
 #2 DebugLogHandler_CUSTOM_Internal_Log(LogType, LogOption, ScriptingBackendNativeStringPtrOpaque*, ScriptingBackendNativeObjectPtrOpaque*)
 #3  (Mono JIT Code) (wrapper managed-to-native) UnityEngine.DebugLogHandler:Internal_Log (UnityEngine.LogType,UnityEngine.LogOption,string,UnityEngine.Object)
 #4 mono_jit_runtime_invoke
 #5 do_runtime_invoke
 #6 mono_runtime_class_init_full
 #7 ves_icall_System_Runtime_CompilerServices_RuntimeHelpers_RunClassConstructor
 #8  (Mono JIT Code) (wrapper managed-to-native) System.Runtime.CompilerServices.RuntimeHelpers:RunClassConstructor (intptr)
 #9  (Mono JIT Code) (wrapper runtime-invoke) <Module>:runtime_invoke_void_object (object,intptr,intptr,intptr)
 #10 mono_jit_runtime_invoke
 #11 do_runtime_invoke
 #12 mono_runtime_invoke
 #13 scripting_method_invoke(ScriptingMethodPtr, ScriptingObjectPtr, ScriptingArguments&, ScriptingExceptionPtr*, bool)
 #14 ScriptingInvocation::Invoke(ScriptingExceptionPtr*, bool)
 #15 Scripting::UnityEditor::EditorAssembliesProxy::ProcessInitializeOnLoadAttributes(ScriptingArrayPtr, ScriptingExceptionPtr*)
 #16 MonoManager::SetupLoadedEditorAssemblies(dynamic_array<int, 0ul> const&)
 #17 MonoManager::EndReloadAssembly(DomainReloadingData&, dynamic_bitset)
 #18 MonoManager::ReloadAssembly()
 #19 LoadDomainAndUserAssemblies(bool)
 #20 LoadUserAssemblies()
 #21 AssetImportWorkerClient::ReloadMonoDomain(AssetResolver&)
 #22 core::mutable_function<void ()>::DispatchT<void IOService::PostHelper<AssetImportWorkerClient::HandleMessage(PrepareMessage const&)::$_5>(AssetImportWorkerClient::HandleMessage(PrepareMessage const&)::$_5&&, IOService::WrapCallableInFunctionTag)::'lambda'()>::Dispatch()
 #23 asio::detail::completion_handler<core::mutable_function<void ()> >::do_complete(asio::detail::task_io_service*, asio::detail::task_io_service_operation*, std::__1::error_code const&, unsigned long)
 #24 asio::detail::task_io_service::do_run_one(asio::detail::scoped_lock<asio::detail::posix_mutex>&, asio::detail::task_io_service_thread_info&, std::__1::error_code const&)
 #25 asio::detail::task_io_service::run(std::__1::error_code&)
 #26 IOService::Run(bool)
 #27 RunAssetImporterV2()
 #28 Application::InitializeProject()
 #29 -[EditorApplication applicationDidFinishLaunching:]
 #30 __CFNOTIFICATIONCENTER_IS_CALLING_OUT_TO_AN_OBSERVER__
 #31 ___CFXRegistrationPost1_block_invoke
 #32 _CFXRegistrationPost1
 #33 ___CFXNotificationPost_block_invoke
 #34 -[_CFXNotificationRegistrar find:object:observer:enumerator:]
 #35 _CFXNotificationPost
 #36 -[NSNotificationCenter postNotificationName:object:userInfo:]
 #37 -[NSApplication _postDidFinishNotification]
 #38 -[NSApplication _sendFinishLaunchingNotification]
 #39 -[NSApplication(NSAppleEventHandling) _handleAEOpenEvent:]
 #40 -[NSApplication(NSAppleEventHandling) _handleCoreEvent:withReplyEvent:]
 #41 -[NSAppleEventManager dispatchRawAppleEvent:withRawReply:handlerRefCon:]
 #42 _NSAppleEventManagerGenericHandler
 #43 _AppleEventsCheckInAppWithBlock
 #44 _AppleEventsCheckInAppWithBlock
 #45 aeProcessAppleEvent
 #46 AEProcessAppleEvent
 #47 _DPSNextEvent
 #48 -[NSApplication(NSEvent) _nextEventMatchingEventMask:untilDate:inMode:dequeue:]
 #49 -[NSApplication run]
 #50 NSApplicationMain
 #51 EditorMain(int, char const**)
 #52 main
 #53 start
 #54 ???

GPGSUpgrader done
 #0 GetStacktrace(int)
 #1 DebugStringToFile(DebugStringToFileData const&)
 #2 DebugLogHandler_CUSTOM_Internal_Log(LogType, LogOption, ScriptingBackendNativeStringPtrOpaque*, ScriptingBackendNativeObjectPtrOpaque*)
 #3  (Mono JIT Code) (wrapper managed-to-native) UnityEngine.DebugLogHandler:Internal_Log (UnityEngine.LogType,UnityEngine.LogOption,string,UnityEngine.Object)
 #4 mono_jit_runtime_invoke
 #5 do_runtime_invoke
 #6 mono_runtime_class_init_full
 #7 ves_icall_System_Runtime_CompilerServices_RuntimeHelpers_RunClassConstructor
 #8  (Mono JIT Code) (wrapper managed-to-native) System.Runtime.CompilerServices.RuntimeHelpers:RunClassConstructor (intptr)
 #9  (Mono JIT Code) (wrapper runtime-invoke) <Module>:runtime_invoke_void_object (object,intptr,intptr,intptr)
 #10 mono_jit_runtime_invoke
 #11 do_runtime_invoke
 #12 mono_runtime_invoke
 #13 scripting_method_invoke(ScriptingMethodPtr, ScriptingObjectPtr, ScriptingArguments&, ScriptingExceptionPtr*, bool)
 #14 ScriptingInvocation::Invoke(ScriptingExceptionPtr*, bool)
 #15 Scripting::UnityEditor::EditorAssembliesProxy::ProcessInitializeOnLoadAttributes(ScriptingArrayPtr, ScriptingExceptionPtr*)
 #16 MonoManager::SetupLoadedEditorAssemblies(dynamic_array<int, 0ul> const&)
 #17 MonoManager::EndReloadAssembly(DomainReloadingData&, dynamic_bitset)
 #18 MonoManager::ReloadAssembly()
 #19 LoadDomainAndUserAssemblies(bool)
 #20 LoadUserAssemblies()
 #21 AssetImportWorkerClient::ReloadMonoDomain(AssetResolver&)
 #22 core::mutable_function<void ()>::DispatchT<void IOService::PostHelper<AssetImportWorkerClient::HandleMessage(PrepareMessage const&)::$_5>(AssetImportWorkerClient::HandleMessage(PrepareMessage const&)::$_5&&, IOService::WrapCallableInFunctionTag)::'lambda'()>::Dispatch()
 #23 asio::detail::completion_handler<core::mutable_function<void ()> >::do_complete(asio::detail::task_io_service*, asio::detail::task_io_service_operation*, std::__1::error_code const&, unsigned long)
 #24 asio::detail::task_io_service::do_run_one(asio::detail::scoped_lock<asio::detail::posix_mutex>&, asio::detail::task_io_service_thread_info&, std::__1::error_code const&)
 #25 asio::detail::task_io_service::run(std::__1::error_code&)
 #26 IOService::Run(bool)
 #27 RunAssetImporterV2()
 #28 Application::InitializeProject()
 #29 -[EditorApplication applicationDidFinishLaunching:]
 #30 __CFNOTIFICATIONCENTER_IS_CALLING_OUT_TO_AN_OBSERVER__
 #31 ___CFXRegistrationPost1_block_invoke
 #32 _CFXRegistrationPost1
 #33 ___CFXNotificationPost_block_invoke
 #34 -[_CFXNotificationRegistrar find:object:observer:enumerator:]
 #35 _CFXNotificationPost
 #36 -[NSNotificationCenter postNotificationName:object:userInfo:]
 #37 -[NSApplication _postDidFinishNotification]
 #38 -[NSApplication _sendFinishLaunchingNotification]
 #39 -[NSApplication(NSAppleEventHandling) _handleAEOpenEvent:]
 #40 -[NSApplication(NSAppleEventHandling) _handleCoreEvent:withReplyEvent:]
 #41 -[NSAppleEventManager dispatchRawAppleEvent:withRawReply:handlerRefCon:]
 #42 _NSAppleEventManagerGenericHandler
 #43 _AppleEventsCheckInAppWithBlock
 #44 _AppleEventsCheckInAppWithBlock
 #45 aeProcessAppleEvent
 #46 AEProcessAppleEvent
 #47 _DPSNextEvent
 #48 -[NSApplication(NSEvent) _nextEventMatchingEventMask:untilDate:inMode:dequeue:]
 #49 -[NSApplication run]
 #50 NSApplicationMain
 #51 EditorMain(int, char const**)
 #52 main
 #53 start
 #54 ???

Mono: successfully reloaded assembly
- Completed reload, in  1.396 seconds
Platform modules already initialized, skipping
Switching build target platform(2) subTarget(0) extendedPlatform(0) -> platform(13) subTarget(589824) extendedPlatform(0)
Refreshing native plugins compatible for Editor in 0.95 ms, found 2 plugins.
Preloading 0 native plugins for Editor in 0.00 ms.
Unloading 2070 Unused Serialized files (Serialized files now loaded: 0)
System memory in use before: 187.9 MB.
System memory in use after: 188.0 MB.

Unloading 63 unused Assets to reduce memory usage. Loaded Objects now: 2547.
Total: 2.420004 ms (FindLiveObjects: 0.247917 ms CreateObjectMapping: 0.093635 ms MarkObjects: 2.050581 ms  DeleteObjects: 0.027021 ms)

AssetImportParameters requested are different than current active one (requested -> active):
  custom:graphics/normal-map-encoding: 01000000000000000000000000000000 -> 02000000000000000000000000000000
========================================================================
Received Import Request.
  Time since last request: 879.959102 seconds.
  path: Assets/Scripts/Volastro.cs
  artifactKey: Guid(a0341ceb479c6e741b2ac4dd2f0f07b2) Importer(815301076,1909f56bfc062723c751e8b465ee728b)
Start importing Assets/Scripts/Volastro.cs using Guid(a0341ceb479c6e741b2ac4dd2f0f07b2) Importer(815301076,1909f56bfc062723c751e8b465ee728b)  -> (artifact id: '5465452d9bd66aa662ad026d8a09321c') in 0.072880 seconds
  Import took 0.100241 seconds .

